2021-02-22 17:18:16,203 INFO org.springframework.boot.StartupInfoLogger [restartedMain] Starting AppApplication using Java 15.0.2 on DESKTOP-VNA7EOH with PID 8396 (C:\Users\abola\IdeaProjects\Diploma\target\classes started by abola in C:\Users\abola\IdeaProjects\Diploma)
2021-02-22 17:18:16,207 INFO org.springframework.boot.SpringApplication [restartedMain] No active profile set, falling back to default profiles: default
2021-02-22 17:18:16,250 INFO org.springframework.boot.logging.DeferredLog [restartedMain] The Class-Path manifest attribute in C:\Users\abola\.m2\repository\io\grpc\grpc-netty-shaded\1.30.0\grpc-netty-shaded-1.30.0.jar referenced one or more files that do not exist: file:/C:/Users/abola/.m2/repository/io/grpc/grpc-netty-shaded/1.30.0/grpc-core-1.30.0.jar,file:/C:/Users/abola/.m2/repository/io/grpc/grpc-netty-shaded/1.30.0/grpc-api-1.30.0.jar,file:/C:/Users/abola/.m2/repository/io/grpc/grpc-netty-shaded/1.30.0/gson-2.8.6.jar,file:/C:/Users/abola/.m2/repository/io/grpc/grpc-netty-shaded/1.30.0/annotations-4.1.1.4.jar,file:/C:/Users/abola/.m2/repository/io/grpc/grpc-netty-shaded/1.30.0/animal-sniffer-annotations-1.18.jar,file:/C:/Users/abola/.m2/repository/io/grpc/grpc-netty-shaded/1.30.0/error_prone_annotations-2.3.4.jar,file:/C:/Users/abola/.m2/repository/io/grpc/grpc-netty-shaded/1.30.0/guava-28.2-android.jar,file:/C:/Users/abola/.m2/repository/io/grpc/grpc-netty-shaded/1.30.0/perfmark-api-0.19.0.jar,file:/C:/Users/abola/.m2/repository/io/grpc/grpc-netty-shaded/1.30.0/jsr305-3.0.2.jar,file:/C:/Users/abola/.m2/repository/io/grpc/grpc-netty-shaded/1.30.0/grpc-context-1.30.0.jar,file:/C:/Users/abola/.m2/repository/io/grpc/grpc-netty-shaded/1.30.0/failureaccess-1.0.1.jar,file:/C:/Users/abola/.m2/repository/io/grpc/grpc-netty-shaded/1.30.0/listenablefuture-9999.0-empty-to-avoid-conflict-with-guava.jar,file:/C:/Users/abola/.m2/repository/io/grpc/grpc-netty-shaded/1.30.0/checker-compat-qual-2.5.5.jar,file:/C:/Users/abola/.m2/repository/io/grpc/grpc-netty-shaded/1.30.0/j2objc-annotations-1.3.jar
2021-02-22 17:18:16,251 INFO org.springframework.boot.logging.DeferredLog [restartedMain] The Class-Path manifest attribute in C:\Users\abola\.m2\repository\io\grpc\grpc-alts\1.30.0\grpc-alts-1.30.0.jar referenced one or more files that do not exist: file:/C:/Users/abola/.m2/repository/io/grpc/grpc-alts/1.30.0/grpc-auth-1.30.0.jar,file:/C:/Users/abola/.m2/repository/io/grpc/grpc-alts/1.30.0/grpc-grpclb-1.30.0.jar,file:/C:/Users/abola/.m2/repository/io/grpc/grpc-alts/1.30.0/grpc-protobuf-1.30.0.jar,file:/C:/Users/abola/.m2/repository/io/grpc/grpc-alts/1.30.0/grpc-stub-1.30.0.jar,file:/C:/Users/abola/.m2/repository/io/grpc/grpc-alts/1.30.0/commons-lang3-3.5.jar,file:/C:/Users/abola/.m2/repository/io/grpc/grpc-alts/1.30.0/protobuf-java-util-3.12.0.jar,file:/C:/Users/abola/.m2/repository/io/grpc/grpc-alts/1.30.0/protobuf-java-3.12.0.jar,file:/C:/Users/abola/.m2/repository/io/grpc/grpc-alts/1.30.0/conscrypt-openjdk-uber-2.2.1.jar,file:/C:/Users/abola/.m2/repository/io/grpc/grpc-alts/1.30.0/google-auth-library-oauth2-http-0.20.0.jar,file:/C:/Users/abola/.m2/repository/io/grpc/grpc-alts/1.30.0/grpc-netty-shaded-1.30.0.jar,file:/C:/Users/abola/.m2/repository/io/grpc/grpc-alts/1.30.0/grpc-core-1.30.0.jar,file:/C:/Users/abola/.m2/repository/io/grpc/grpc-alts/1.30.0/grpc-protobuf-lite-1.30.0.jar,file:/C:/Users/abola/.m2/repository/io/grpc/grpc-alts/1.30.0/grpc-api-1.30.0.jar,file:/C:/Users/abola/.m2/repository/io/grpc/grpc-alts/1.30.0/guava-28.2-android.jar,file:/C:/Users/abola/.m2/repository/io/grpc/grpc-alts/1.30.0/error_prone_annotations-2.3.4.jar,file:/C:/Users/abola/.m2/repository/io/grpc/grpc-alts/1.30.0/google-auth-library-credentials-0.20.0.jar,file:/C:/Users/abola/.m2/repository/io/grpc/grpc-alts/1.30.0/animal-sniffer-annotations-1.18.jar,file:/C:/Users/abola/.m2/repository/io/grpc/grpc-alts/1.30.0/google-http-client-jackson2-1.34.0.jar,file:/C:/Users/abola/.m2/repository/io/grpc/grpc-alts/1.30.0/google-http-client-1.34.0.jar,file:/C:/Users/abola/.m2/repository/io/grpc/grpc-alts/1.30.0/perfmark-api-0.19.0.jar,file:/C:/Users/abola/.m2/repository/io/grpc/grpc-alts/1.30.0/jsr305-3.0.2.jar,file:/C:/Users/abola/.m2/repository/io/grpc/grpc-alts/1.30.0/proto-google-common-protos-1.17.0.jar,file:/C:/Users/abola/.m2/repository/io/grpc/grpc-alts/1.30.0/auto-value-annotations-1.7.jar,file:/C:/Users/abola/.m2/repository/io/grpc/grpc-alts/1.30.0/failureaccess-1.0.1.jar,file:/C:/Users/abola/.m2/repository/io/grpc/grpc-alts/1.30.0/listenablefuture-9999.0-empty-to-avoid-conflict-with-guava.jar,file:/C:/Users/abola/.m2/repository/io/grpc/grpc-alts/1.30.0/checker-compat-qual-2.5.5.jar,file:/C:/Users/abola/.m2/repository/io/grpc/grpc-alts/1.30.0/j2objc-annotations-1.3.jar,file:/C:/Users/abola/.m2/repository/io/grpc/grpc-alts/1.30.0/grpc-context-1.30.0.jar,file:/C:/Users/abola/.m2/repository/io/grpc/grpc-alts/1.30.0/gson-2.8.6.jar,file:/C:/Users/abola/.m2/repository/io/grpc/grpc-alts/1.30.0/annotations-4.1.1.4.jar,file:/C:/Users/abola/.m2/repository/io/grpc/grpc-alts/1.30.0/httpclient-4.5.10.jar,file:/C:/Users/abola/.m2/repository/io/grpc/grpc-alts/1.30.0/httpcore-4.4.12.jar,file:/C:/Users/abola/.m2/repository/io/grpc/grpc-alts/1.30.0/opencensus-contrib-http-util-0.24.0.jar,file:/C:/Users/abola/.m2/repository/io/grpc/grpc-alts/1.30.0/opencensus-api-0.24.0.jar,file:/C:/Users/abola/.m2/repository/io/grpc/grpc-alts/1.30.0/jackson-core-2.10.1.jar,file:/C:/Users/abola/.m2/repository/io/grpc/grpc-alts/1.30.0/commons-logging-1.2.jar,file:/C:/Users/abola/.m2/repository/io/grpc/grpc-alts/1.30.0/commons-codec-1.11.jar
2021-02-22 17:18:16,275 WARN org.springframework.core.log.CompositeLog [background-preinit] For Jackson Kotlin classes support please add "com.fasterxml.jackson.module:jackson-module-kotlin" to the classpath
2021-02-22 17:18:16,346 INFO org.springframework.boot.logging.DeferredLog [restartedMain] Devtools property defaults active! Set 'spring.devtools.add-properties' to 'false' to disable
2021-02-22 17:18:16,347 INFO org.springframework.boot.logging.DeferredLog [restartedMain] For additional web related logging consider setting the 'logging.level.web' property to 'DEBUG'
2021-02-22 17:18:17,590 INFO org.springframework.data.repository.config.RepositoryConfigurationDelegate [restartedMain] Bootstrapping Spring Data JPA repositories in DEFERRED mode.
2021-02-22 17:18:17,656 INFO org.springframework.data.repository.config.RepositoryConfigurationDelegate [restartedMain] Finished Spring Data repository scanning in 61 ms. Found 8 JPA repository interfaces.
2021-02-22 17:18:18,087 INFO org.springframework.boot.web.embedded.tomcat.TomcatWebServer [restartedMain] Tomcat initialized with port(s): 8008 (http)
2021-02-22 17:18:18,093 INFO org.apache.juli.logging.DirectJDKLog [restartedMain] Initializing ProtocolHandler ["http-nio-8008"]
2021-02-22 17:18:18,094 INFO org.apache.juli.logging.DirectJDKLog [restartedMain] Starting service [Tomcat]
2021-02-22 17:18:18,094 INFO org.apache.juli.logging.DirectJDKLog [restartedMain] Starting Servlet engine: [Apache Tomcat/9.0.39]
2021-02-22 17:18:18,167 INFO org.apache.juli.logging.DirectJDKLog [restartedMain] Initializing Spring embedded WebApplicationContext
2021-02-22 17:18:18,167 INFO org.springframework.boot.web.servlet.context.ServletWebServerApplicationContext [restartedMain] Root WebApplicationContext: initialization completed in 1817 ms
2021-02-22 17:18:18,276 INFO org.springframework.scheduling.concurrent.ExecutorConfigurationSupport [restartedMain] Initializing ExecutorService 'applicationTaskExecutor'
2021-02-22 17:18:18,310 INFO org.hibernate.jpa.internal.util.LogHelper [task-1] HHH000204: Processing PersistenceUnitInfo [name: default]
2021-02-22 17:18:18,346 WARN org.springframework.boot.autoconfigure.orm.jpa.JpaBaseConfiguration$JpaWebConfiguration [restartedMain] spring.jpa.open-in-view is enabled by default. Therefore, database queries may be performed during view rendering. Explicitly configure spring.jpa.open-in-view to disable this warning
2021-02-22 17:18:18,353 INFO org.hibernate.Version [task-1] HHH000412: Hibernate ORM core version 5.4.23.Final
2021-02-22 17:18:18,398 WARN org.springframework.context.support.AbstractApplicationContext [restartedMain] Exception encountered during context initialization - cancelling refresh attempt: org.springframework.beans.factory.UnsatisfiedDependencyException: Error creating bean with name 'firebaseController' defined in file [C:\Users\abola\IdeaProjects\Diploma\target\classes\com\diploma\app\controller\firebase\FirebaseController.class]: Unsatisfied dependency expressed through constructor parameter 0; nested exception is org.springframework.beans.factory.UnsatisfiedDependencyException: Error creating bean with name 'firebaseService' defined in file [C:\Users\abola\IdeaProjects\Diploma\target\classes\com\diploma\app\firebase\FirebaseService.class]: Unsatisfied dependency expressed through constructor parameter 0; nested exception is org.springframework.beans.factory.BeanCreationException: Error creating bean with name 'firebaseMessaging' defined in com.diploma.app.AppApplication: Bean instantiation via factory method failed; nested exception is org.springframework.beans.BeanInstantiationException: Failed to instantiate [com.google.firebase.messaging.FirebaseMessaging]: Factory method 'firebaseMessaging' threw exception; nested exception is java.io.FileNotFoundException: class path resource [diploma-c2904-firebase-adminsdk-g30nc-a412a9f2da.json] cannot be opened because it does not exist
2021-02-22 17:18:18,399 INFO org.springframework.orm.jpa.AbstractEntityManagerFactoryBean [restartedMain] Closing JPA EntityManagerFactory for persistence unit 'default'
2021-02-22 17:18:18,450 INFO org.hibernate.annotations.common.reflection.java.JavaReflectionManager [task-1] HCANN000001: Hibernate Commons Annotations {5.1.2.Final}
2021-02-22 17:18:18,515 INFO com.zaxxer.hikari.HikariDataSource [task-1] HikariPool-1 - Starting...
2021-02-22 17:18:18,698 INFO com.zaxxer.hikari.HikariDataSource [task-1] HikariPool-1 - Start completed.
2021-02-22 17:18:18,714 INFO org.hibernate.dialect.Dialect [task-1] HHH000400: Using dialect: org.hibernate.dialect.PostgreSQL10Dialect
2021-02-22 17:18:19,328 WARN org.hibernate.engine.jdbc.spi.SqlExceptionHelper$StandardWarningHandler [task-1] SQL Warning Code: 0, SQLState: 00000
2021-02-22 17:18:19,328 WARN org.hibernate.engine.jdbc.spi.SqlExceptionHelper$StandardWarningHandler [task-1] ограничение "uk_ccp0u6kegidylr3fsgkkslkq8" в таблице "password_token" не существует, пропускается
2021-02-22 17:18:19,332 WARN org.hibernate.engine.jdbc.spi.SqlExceptionHelper$StandardWarningHandler [task-1] SQL Warning Code: 0, SQLState: 00000
2021-02-22 17:18:19,332 WARN org.hibernate.engine.jdbc.spi.SqlExceptionHelper$StandardWarningHandler [task-1] ограничение "uk_g3fx2g0vos4mx4v4176os4pn7" в таблице "password_token" не существует, пропускается
2021-02-22 17:18:19,335 WARN org.hibernate.engine.jdbc.spi.SqlExceptionHelper$StandardWarningHandler [task-1] SQL Warning Code: 0, SQLState: 00000
2021-02-22 17:18:19,335 WARN org.hibernate.engine.jdbc.spi.SqlExceptionHelper$StandardWarningHandler [task-1] ограничение "uk_6dotkott2kjsp8vw4d0m25fb7" в таблице "users" не существует, пропускается
2021-02-22 17:18:19,338 WARN org.hibernate.engine.jdbc.spi.SqlExceptionHelper$StandardWarningHandler [task-1] SQL Warning Code: 0, SQLState: 00000
2021-02-22 17:18:19,339 WARN org.hibernate.engine.jdbc.spi.SqlExceptionHelper$StandardWarningHandler [task-1] ограничение "uk_k8d0f2n7n88w1a16yhua64onx" в таблице "users" не существует, пропускается
2021-02-22 17:18:19,359 INFO org.hibernate.engine.transaction.jta.platform.internal.JtaPlatformInitiator [task-1] HHH000490: Using JtaPlatform implementation: [org.hibernate.engine.transaction.jta.platform.internal.NoJtaPlatform]
2021-02-22 17:18:19,365 INFO org.springframework.orm.jpa.AbstractEntityManagerFactoryBean [task-1] Initialized JPA EntityManagerFactory for persistence unit 'default'
2021-02-22 17:18:19,367 INFO org.springframework.scheduling.concurrent.ExecutorConfigurationSupport [restartedMain] Shutting down ExecutorService 'applicationTaskExecutor'
2021-02-22 17:18:19,368 INFO com.zaxxer.hikari.HikariDataSource [restartedMain] HikariPool-1 - Shutdown initiated...
2021-02-22 17:18:19,468 INFO com.zaxxer.hikari.HikariDataSource [restartedMain] HikariPool-1 - Shutdown completed.
2021-02-22 17:18:19,469 INFO org.apache.juli.logging.DirectJDKLog [restartedMain] Stopping service [Tomcat]
2021-02-22 17:18:19,477 INFO org.springframework.boot.autoconfigure.logging.ConditionEvaluationReportLoggingListener [restartedMain] 

Error starting ApplicationContext. To display the conditions report re-run your application with 'debug' enabled.
2021-02-22 17:18:19,493 ERROR org.springframework.boot.SpringApplication [restartedMain] Application run failed
org.springframework.beans.factory.UnsatisfiedDependencyException: Error creating bean with name 'firebaseController' defined in file [C:\Users\abola\IdeaProjects\Diploma\target\classes\com\diploma\app\controller\firebase\FirebaseController.class]: Unsatisfied dependency expressed through constructor parameter 0; nested exception is org.springframework.beans.factory.UnsatisfiedDependencyException: Error creating bean with name 'firebaseService' defined in file [C:\Users\abola\IdeaProjects\Diploma\target\classes\com\diploma\app\firebase\FirebaseService.class]: Unsatisfied dependency expressed through constructor parameter 0; nested exception is org.springframework.beans.factory.BeanCreationException: Error creating bean with name 'firebaseMessaging' defined in com.diploma.app.AppApplication: Bean instantiation via factory method failed; nested exception is org.springframework.beans.BeanInstantiationException: Failed to instantiate [com.google.firebase.messaging.FirebaseMessaging]: Factory method 'firebaseMessaging' threw exception; nested exception is java.io.FileNotFoundException: class path resource [diploma-c2904-firebase-adminsdk-g30nc-a412a9f2da.json] cannot be opened because it does not exist
	at org.springframework.beans.factory.support.ConstructorResolver.createArgumentArray(ConstructorResolver.java:798)
	at org.springframework.beans.factory.support.ConstructorResolver.autowireConstructor(ConstructorResolver.java:228)
	at org.springframework.beans.factory.support.AbstractAutowireCapableBeanFactory.autowireConstructor(AbstractAutowireCapableBeanFactory.java:1356)
	at org.springframework.beans.factory.support.AbstractAutowireCapableBeanFactory.createBeanInstance(AbstractAutowireCapableBeanFactory.java:1206)
	at org.springframework.beans.factory.support.AbstractAutowireCapableBeanFactory.doCreateBean(AbstractAutowireCapableBeanFactory.java:571)
	at org.springframework.beans.factory.support.AbstractAutowireCapableBeanFactory.createBean(AbstractAutowireCapableBeanFactory.java:531)
	at org.springframework.beans.factory.support.AbstractBeanFactory.lambda$doGetBean$0(AbstractBeanFactory.java:335)
	at org.springframework.beans.factory.support.DefaultSingletonBeanRegistry.getSingleton(DefaultSingletonBeanRegistry.java:234)
	at org.springframework.beans.factory.support.AbstractBeanFactory.doGetBean(AbstractBeanFactory.java:333)
	at org.springframework.beans.factory.support.AbstractBeanFactory.getBean(AbstractBeanFactory.java:208)
	at org.springframework.beans.factory.support.DefaultListableBeanFactory.preInstantiateSingletons(DefaultListableBeanFactory.java:944)
	at org.springframework.context.support.AbstractApplicationContext.finishBeanFactoryInitialization(AbstractApplicationContext.java:925)
	at org.springframework.context.support.AbstractApplicationContext.refresh(AbstractApplicationContext.java:588)
	at org.springframework.boot.web.servlet.context.ServletWebServerApplicationContext.refresh(ServletWebServerApplicationContext.java:144)
	at org.springframework.boot.SpringApplication.refresh(SpringApplication.java:767)
	at org.springframework.boot.SpringApplication.refresh(SpringApplication.java:759)
	at org.springframework.boot.SpringApplication.refreshContext(SpringApplication.java:426)
	at org.springframework.boot.SpringApplication.run(SpringApplication.java:326)
	at org.springframework.boot.SpringApplication.run(SpringApplication.java:1309)
	at org.springframework.boot.SpringApplication.run(SpringApplication.java:1298)
	at com.diploma.app.AppApplication.main(AppApplication.java:23)
	at java.base/jdk.internal.reflect.NativeMethodAccessorImpl.invoke0(Native Method)
	at java.base/jdk.internal.reflect.NativeMethodAccessorImpl.invoke(NativeMethodAccessorImpl.java:64)
	at java.base/jdk.internal.reflect.DelegatingMethodAccessorImpl.invoke(DelegatingMethodAccessorImpl.java:43)
	at java.base/java.lang.reflect.Method.invoke(Method.java:564)
	at org.springframework.boot.devtools.restart.RestartLauncher.run(RestartLauncher.java:49)
Caused by: org.springframework.beans.factory.UnsatisfiedDependencyException: Error creating bean with name 'firebaseService' defined in file [C:\Users\abola\IdeaProjects\Diploma\target\classes\com\diploma\app\firebase\FirebaseService.class]: Unsatisfied dependency expressed through constructor parameter 0; nested exception is org.springframework.beans.factory.BeanCreationException: Error creating bean with name 'firebaseMessaging' defined in com.diploma.app.AppApplication: Bean instantiation via factory method failed; nested exception is org.springframework.beans.BeanInstantiationException: Failed to instantiate [com.google.firebase.messaging.FirebaseMessaging]: Factory method 'firebaseMessaging' threw exception; nested exception is java.io.FileNotFoundException: class path resource [diploma-c2904-firebase-adminsdk-g30nc-a412a9f2da.json] cannot be opened because it does not exist
	at org.springframework.beans.factory.support.ConstructorResolver.createArgumentArray(ConstructorResolver.java:798)
	at org.springframework.beans.factory.support.ConstructorResolver.autowireConstructor(ConstructorResolver.java:228)
	at org.springframework.beans.factory.support.AbstractAutowireCapableBeanFactory.autowireConstructor(AbstractAutowireCapableBeanFactory.java:1356)
	at org.springframework.beans.factory.support.AbstractAutowireCapableBeanFactory.createBeanInstance(AbstractAutowireCapableBeanFactory.java:1206)
	at org.springframework.beans.factory.support.AbstractAutowireCapableBeanFactory.doCreateBean(AbstractAutowireCapableBeanFactory.java:571)
	at org.springframework.beans.factory.support.AbstractAutowireCapableBeanFactory.createBean(AbstractAutowireCapableBeanFactory.java:531)
	at org.springframework.beans.factory.support.AbstractBeanFactory.lambda$doGetBean$0(AbstractBeanFactory.java:335)
	at org.springframework.beans.factory.support.DefaultSingletonBeanRegistry.getSingleton(DefaultSingletonBeanRegistry.java:234)
	at org.springframework.beans.factory.support.AbstractBeanFactory.doGetBean(AbstractBeanFactory.java:333)
	at org.springframework.beans.factory.support.AbstractBeanFactory.getBean(AbstractBeanFactory.java:208)
	at org.springframework.beans.factory.config.DependencyDescriptor.resolveCandidate(DependencyDescriptor.java:276)
	at org.springframework.beans.factory.support.DefaultListableBeanFactory.doResolveDependency(DefaultListableBeanFactory.java:1367)
	at org.springframework.beans.factory.support.DefaultListableBeanFactory.resolveDependency(DefaultListableBeanFactory.java:1287)
	at org.springframework.beans.factory.support.ConstructorResolver.resolveAutowiredArgument(ConstructorResolver.java:885)
	at org.springframework.beans.factory.support.ConstructorResolver.createArgumentArray(ConstructorResolver.java:789)
	... 25 common frames omitted
Caused by: org.springframework.beans.factory.BeanCreationException: Error creating bean with name 'firebaseMessaging' defined in com.diploma.app.AppApplication: Bean instantiation via factory method failed; nested exception is org.springframework.beans.BeanInstantiationException: Failed to instantiate [com.google.firebase.messaging.FirebaseMessaging]: Factory method 'firebaseMessaging' threw exception; nested exception is java.io.FileNotFoundException: class path resource [diploma-c2904-firebase-adminsdk-g30nc-a412a9f2da.json] cannot be opened because it does not exist
	at org.springframework.beans.factory.support.ConstructorResolver.instantiate(ConstructorResolver.java:656)
	at org.springframework.beans.factory.support.ConstructorResolver.instantiateUsingFactoryMethod(ConstructorResolver.java:484)
	at org.springframework.beans.factory.support.AbstractAutowireCapableBeanFactory.instantiateUsingFactoryMethod(AbstractAutowireCapableBeanFactory.java:1336)
	at org.springframework.beans.factory.support.AbstractAutowireCapableBeanFactory.createBeanInstance(AbstractAutowireCapableBeanFactory.java:1179)
	at org.springframework.beans.factory.support.AbstractAutowireCapableBeanFactory.doCreateBean(AbstractAutowireCapableBeanFactory.java:571)
	at org.springframework.beans.factory.support.AbstractAutowireCapableBeanFactory.createBean(AbstractAutowireCapableBeanFactory.java:531)
	at org.springframework.beans.factory.support.AbstractBeanFactory.lambda$doGetBean$0(AbstractBeanFactory.java:335)
	at org.springframework.beans.factory.support.DefaultSingletonBeanRegistry.getSingleton(DefaultSingletonBeanRegistry.java:234)
	at org.springframework.beans.factory.support.AbstractBeanFactory.doGetBean(AbstractBeanFactory.java:333)
	at org.springframework.beans.factory.support.AbstractBeanFactory.getBean(AbstractBeanFactory.java:208)
	at org.springframework.beans.factory.config.DependencyDescriptor.resolveCandidate(DependencyDescriptor.java:276)
	at org.springframework.beans.factory.support.DefaultListableBeanFactory.doResolveDependency(DefaultListableBeanFactory.java:1367)
	at org.springframework.beans.factory.support.DefaultListableBeanFactory.resolveDependency(DefaultListableBeanFactory.java:1287)
	at org.springframework.beans.factory.support.ConstructorResolver.resolveAutowiredArgument(ConstructorResolver.java:885)
	at org.springframework.beans.factory.support.ConstructorResolver.createArgumentArray(ConstructorResolver.java:789)
	... 39 common frames omitted
Caused by: org.springframework.beans.BeanInstantiationException: Failed to instantiate [com.google.firebase.messaging.FirebaseMessaging]: Factory method 'firebaseMessaging' threw exception; nested exception is java.io.FileNotFoundException: class path resource [diploma-c2904-firebase-adminsdk-g30nc-a412a9f2da.json] cannot be opened because it does not exist
	at org.springframework.beans.factory.support.SimpleInstantiationStrategy.instantiate(SimpleInstantiationStrategy.java:185)
	at org.springframework.beans.factory.support.ConstructorResolver.instantiate(ConstructorResolver.java:651)
	... 53 common frames omitted
Caused by: java.io.FileNotFoundException: class path resource [diploma-c2904-firebase-adminsdk-g30nc-a412a9f2da.json] cannot be opened because it does not exist
	at org.springframework.core.io.ClassPathResource.getInputStream(ClassPathResource.java:180)
	at com.diploma.app.AppApplication.firebaseMessaging(AppApplication.java:52)
	at com.diploma.app.AppApplication$$EnhancerBySpringCGLIB$$bf9b73cb.CGLIB$firebaseMessaging$2(<generated>)
	at com.diploma.app.AppApplication$$EnhancerBySpringCGLIB$$bf9b73cb$$FastClassBySpringCGLIB$$8b31f28c.invoke(<generated>)
	at org.springframework.cglib.proxy.MethodProxy.invokeSuper(MethodProxy.java:244)
	at org.springframework.context.annotation.ConfigurationClassEnhancer$BeanMethodInterceptor.intercept(ConfigurationClassEnhancer.java:331)
	at com.diploma.app.AppApplication$$EnhancerBySpringCGLIB$$bf9b73cb.firebaseMessaging(<generated>)
	at java.base/jdk.internal.reflect.NativeMethodAccessorImpl.invoke0(Native Method)
	at java.base/jdk.internal.reflect.NativeMethodAccessorImpl.invoke(NativeMethodAccessorImpl.java:64)
	at java.base/jdk.internal.reflect.DelegatingMethodAccessorImpl.invoke(DelegatingMethodAccessorImpl.java:43)
	at java.base/java.lang.reflect.Method.invoke(Method.java:564)
	at org.springframework.beans.factory.support.SimpleInstantiationStrategy.instantiate(SimpleInstantiationStrategy.java:154)
	... 54 common frames omitted
2021-02-22 17:20:46,531 INFO org.springframework.boot.StartupInfoLogger [restartedMain] Starting AppApplication using Java 15.0.2 on DESKTOP-VNA7EOH with PID 2196 (C:\Users\abola\IdeaProjects\Diploma\target\classes started by abola in C:\Users\abola\IdeaProjects\Diploma)
2021-02-22 17:20:46,533 INFO org.springframework.boot.SpringApplication [restartedMain] No active profile set, falling back to default profiles: default
2021-02-22 17:20:46,565 INFO org.springframework.boot.logging.DeferredLog [restartedMain] The Class-Path manifest attribute in C:\Users\abola\.m2\repository\io\grpc\grpc-netty-shaded\1.30.0\grpc-netty-shaded-1.30.0.jar referenced one or more files that do not exist: file:/C:/Users/abola/.m2/repository/io/grpc/grpc-netty-shaded/1.30.0/grpc-core-1.30.0.jar,file:/C:/Users/abola/.m2/repository/io/grpc/grpc-netty-shaded/1.30.0/grpc-api-1.30.0.jar,file:/C:/Users/abola/.m2/repository/io/grpc/grpc-netty-shaded/1.30.0/gson-2.8.6.jar,file:/C:/Users/abola/.m2/repository/io/grpc/grpc-netty-shaded/1.30.0/annotations-4.1.1.4.jar,file:/C:/Users/abola/.m2/repository/io/grpc/grpc-netty-shaded/1.30.0/animal-sniffer-annotations-1.18.jar,file:/C:/Users/abola/.m2/repository/io/grpc/grpc-netty-shaded/1.30.0/error_prone_annotations-2.3.4.jar,file:/C:/Users/abola/.m2/repository/io/grpc/grpc-netty-shaded/1.30.0/guava-28.2-android.jar,file:/C:/Users/abola/.m2/repository/io/grpc/grpc-netty-shaded/1.30.0/perfmark-api-0.19.0.jar,file:/C:/Users/abola/.m2/repository/io/grpc/grpc-netty-shaded/1.30.0/jsr305-3.0.2.jar,file:/C:/Users/abola/.m2/repository/io/grpc/grpc-netty-shaded/1.30.0/grpc-context-1.30.0.jar,file:/C:/Users/abola/.m2/repository/io/grpc/grpc-netty-shaded/1.30.0/failureaccess-1.0.1.jar,file:/C:/Users/abola/.m2/repository/io/grpc/grpc-netty-shaded/1.30.0/listenablefuture-9999.0-empty-to-avoid-conflict-with-guava.jar,file:/C:/Users/abola/.m2/repository/io/grpc/grpc-netty-shaded/1.30.0/checker-compat-qual-2.5.5.jar,file:/C:/Users/abola/.m2/repository/io/grpc/grpc-netty-shaded/1.30.0/j2objc-annotations-1.3.jar
2021-02-22 17:20:46,565 INFO org.springframework.boot.logging.DeferredLog [restartedMain] The Class-Path manifest attribute in C:\Users\abola\.m2\repository\io\grpc\grpc-alts\1.30.0\grpc-alts-1.30.0.jar referenced one or more files that do not exist: file:/C:/Users/abola/.m2/repository/io/grpc/grpc-alts/1.30.0/grpc-auth-1.30.0.jar,file:/C:/Users/abola/.m2/repository/io/grpc/grpc-alts/1.30.0/grpc-grpclb-1.30.0.jar,file:/C:/Users/abola/.m2/repository/io/grpc/grpc-alts/1.30.0/grpc-protobuf-1.30.0.jar,file:/C:/Users/abola/.m2/repository/io/grpc/grpc-alts/1.30.0/grpc-stub-1.30.0.jar,file:/C:/Users/abola/.m2/repository/io/grpc/grpc-alts/1.30.0/commons-lang3-3.5.jar,file:/C:/Users/abola/.m2/repository/io/grpc/grpc-alts/1.30.0/protobuf-java-util-3.12.0.jar,file:/C:/Users/abola/.m2/repository/io/grpc/grpc-alts/1.30.0/protobuf-java-3.12.0.jar,file:/C:/Users/abola/.m2/repository/io/grpc/grpc-alts/1.30.0/conscrypt-openjdk-uber-2.2.1.jar,file:/C:/Users/abola/.m2/repository/io/grpc/grpc-alts/1.30.0/google-auth-library-oauth2-http-0.20.0.jar,file:/C:/Users/abola/.m2/repository/io/grpc/grpc-alts/1.30.0/grpc-netty-shaded-1.30.0.jar,file:/C:/Users/abola/.m2/repository/io/grpc/grpc-alts/1.30.0/grpc-core-1.30.0.jar,file:/C:/Users/abola/.m2/repository/io/grpc/grpc-alts/1.30.0/grpc-protobuf-lite-1.30.0.jar,file:/C:/Users/abola/.m2/repository/io/grpc/grpc-alts/1.30.0/grpc-api-1.30.0.jar,file:/C:/Users/abola/.m2/repository/io/grpc/grpc-alts/1.30.0/guava-28.2-android.jar,file:/C:/Users/abola/.m2/repository/io/grpc/grpc-alts/1.30.0/error_prone_annotations-2.3.4.jar,file:/C:/Users/abola/.m2/repository/io/grpc/grpc-alts/1.30.0/google-auth-library-credentials-0.20.0.jar,file:/C:/Users/abola/.m2/repository/io/grpc/grpc-alts/1.30.0/animal-sniffer-annotations-1.18.jar,file:/C:/Users/abola/.m2/repository/io/grpc/grpc-alts/1.30.0/google-http-client-jackson2-1.34.0.jar,file:/C:/Users/abola/.m2/repository/io/grpc/grpc-alts/1.30.0/google-http-client-1.34.0.jar,file:/C:/Users/abola/.m2/repository/io/grpc/grpc-alts/1.30.0/perfmark-api-0.19.0.jar,file:/C:/Users/abola/.m2/repository/io/grpc/grpc-alts/1.30.0/jsr305-3.0.2.jar,file:/C:/Users/abola/.m2/repository/io/grpc/grpc-alts/1.30.0/proto-google-common-protos-1.17.0.jar,file:/C:/Users/abola/.m2/repository/io/grpc/grpc-alts/1.30.0/auto-value-annotations-1.7.jar,file:/C:/Users/abola/.m2/repository/io/grpc/grpc-alts/1.30.0/failureaccess-1.0.1.jar,file:/C:/Users/abola/.m2/repository/io/grpc/grpc-alts/1.30.0/listenablefuture-9999.0-empty-to-avoid-conflict-with-guava.jar,file:/C:/Users/abola/.m2/repository/io/grpc/grpc-alts/1.30.0/checker-compat-qual-2.5.5.jar,file:/C:/Users/abola/.m2/repository/io/grpc/grpc-alts/1.30.0/j2objc-annotations-1.3.jar,file:/C:/Users/abola/.m2/repository/io/grpc/grpc-alts/1.30.0/grpc-context-1.30.0.jar,file:/C:/Users/abola/.m2/repository/io/grpc/grpc-alts/1.30.0/gson-2.8.6.jar,file:/C:/Users/abola/.m2/repository/io/grpc/grpc-alts/1.30.0/annotations-4.1.1.4.jar,file:/C:/Users/abola/.m2/repository/io/grpc/grpc-alts/1.30.0/httpclient-4.5.10.jar,file:/C:/Users/abola/.m2/repository/io/grpc/grpc-alts/1.30.0/httpcore-4.4.12.jar,file:/C:/Users/abola/.m2/repository/io/grpc/grpc-alts/1.30.0/opencensus-contrib-http-util-0.24.0.jar,file:/C:/Users/abola/.m2/repository/io/grpc/grpc-alts/1.30.0/opencensus-api-0.24.0.jar,file:/C:/Users/abola/.m2/repository/io/grpc/grpc-alts/1.30.0/jackson-core-2.10.1.jar,file:/C:/Users/abola/.m2/repository/io/grpc/grpc-alts/1.30.0/commons-logging-1.2.jar,file:/C:/Users/abola/.m2/repository/io/grpc/grpc-alts/1.30.0/commons-codec-1.11.jar
2021-02-22 17:20:46,566 INFO org.springframework.boot.logging.DeferredLog [restartedMain] Devtools property defaults active! Set 'spring.devtools.add-properties' to 'false' to disable
2021-02-22 17:20:46,566 INFO org.springframework.boot.logging.DeferredLog [restartedMain] For additional web related logging consider setting the 'logging.level.web' property to 'DEBUG'
2021-02-22 17:20:46,573 WARN org.springframework.core.log.CompositeLog [background-preinit] For Jackson Kotlin classes support please add "com.fasterxml.jackson.module:jackson-module-kotlin" to the classpath
2021-02-22 17:20:47,338 INFO org.springframework.data.repository.config.RepositoryConfigurationDelegate [restartedMain] Bootstrapping Spring Data JPA repositories in DEFERRED mode.
2021-02-22 17:20:47,397 INFO org.springframework.data.repository.config.RepositoryConfigurationDelegate [restartedMain] Finished Spring Data repository scanning in 53 ms. Found 8 JPA repository interfaces.
2021-02-22 17:20:47,772 INFO org.springframework.boot.web.embedded.tomcat.TomcatWebServer [restartedMain] Tomcat initialized with port(s): 8008 (http)
2021-02-22 17:20:47,777 INFO org.apache.juli.logging.DirectJDKLog [restartedMain] Initializing ProtocolHandler ["http-nio-8008"]
2021-02-22 17:20:47,778 INFO org.apache.juli.logging.DirectJDKLog [restartedMain] Starting service [Tomcat]
2021-02-22 17:20:47,778 INFO org.apache.juli.logging.DirectJDKLog [restartedMain] Starting Servlet engine: [Apache Tomcat/9.0.39]
2021-02-22 17:20:47,845 INFO org.apache.juli.logging.DirectJDKLog [restartedMain] Initializing Spring embedded WebApplicationContext
2021-02-22 17:20:47,846 INFO org.springframework.boot.web.servlet.context.ServletWebServerApplicationContext [restartedMain] Root WebApplicationContext: initialization completed in 1279 ms
2021-02-22 17:20:47,938 INFO org.springframework.scheduling.concurrent.ExecutorConfigurationSupport [restartedMain] Initializing ExecutorService 'applicationTaskExecutor'
2021-02-22 17:20:47,963 INFO org.hibernate.jpa.internal.util.LogHelper [task-1] HHH000204: Processing PersistenceUnitInfo [name: default]
2021-02-22 17:20:47,992 INFO org.hibernate.Version [task-1] HHH000412: Hibernate ORM core version 5.4.23.Final
2021-02-22 17:20:47,996 WARN org.springframework.boot.autoconfigure.orm.jpa.JpaBaseConfiguration$JpaWebConfiguration [restartedMain] spring.jpa.open-in-view is enabled by default. Therefore, database queries may be performed during view rendering. Explicitly configure spring.jpa.open-in-view to disable this warning
2021-02-22 17:20:48,051 WARN org.springframework.context.support.AbstractApplicationContext [restartedMain] Exception encountered during context initialization - cancelling refresh attempt: org.springframework.beans.factory.UnsatisfiedDependencyException: Error creating bean with name 'profileController' defined in file [C:\Users\abola\IdeaProjects\Diploma\target\classes\com\diploma\app\controller\profile\ProfileController.class]: Unsatisfied dependency expressed through constructor parameter 2; nested exception is org.springframework.beans.factory.UnsatisfiedDependencyException: Error creating bean with name 'firebaseService' defined in file [C:\Users\abola\IdeaProjects\Diploma\target\classes\com\diploma\app\firebase\FirebaseService.class]: Unsatisfied dependency expressed through constructor parameter 0; nested exception is org.springframework.beans.factory.NoSuchBeanDefinitionException: No qualifying bean of type 'com.google.firebase.messaging.FirebaseMessaging' available: expected at least 1 bean which qualifies as autowire candidate. Dependency annotations: {}
2021-02-22 17:20:48,051 INFO org.springframework.orm.jpa.AbstractEntityManagerFactoryBean [restartedMain] Closing JPA EntityManagerFactory for persistence unit 'default'
2021-02-22 17:20:48,061 INFO org.hibernate.annotations.common.reflection.java.JavaReflectionManager [task-1] HCANN000001: Hibernate Commons Annotations {5.1.2.Final}
2021-02-22 17:20:48,113 INFO com.zaxxer.hikari.HikariDataSource [task-1] HikariPool-1 - Starting...
2021-02-22 17:20:48,231 INFO com.zaxxer.hikari.HikariDataSource [task-1] HikariPool-1 - Start completed.
2021-02-22 17:20:48,243 INFO org.hibernate.dialect.Dialect [task-1] HHH000400: Using dialect: org.hibernate.dialect.PostgreSQL10Dialect
2021-02-22 17:20:48,953 INFO org.hibernate.engine.transaction.jta.platform.internal.JtaPlatformInitiator [task-1] HHH000490: Using JtaPlatform implementation: [org.hibernate.engine.transaction.jta.platform.internal.NoJtaPlatform]
2021-02-22 17:20:48,960 INFO org.springframework.orm.jpa.AbstractEntityManagerFactoryBean [task-1] Initialized JPA EntityManagerFactory for persistence unit 'default'
2021-02-22 17:20:48,963 INFO org.springframework.scheduling.concurrent.ExecutorConfigurationSupport [restartedMain] Shutting down ExecutorService 'applicationTaskExecutor'
2021-02-22 17:20:48,964 INFO com.zaxxer.hikari.HikariDataSource [restartedMain] HikariPool-1 - Shutdown initiated...
2021-02-22 17:20:49,004 INFO com.zaxxer.hikari.HikariDataSource [restartedMain] HikariPool-1 - Shutdown completed.
2021-02-22 17:20:49,006 INFO org.apache.juli.logging.DirectJDKLog [restartedMain] Stopping service [Tomcat]
2021-02-22 17:20:49,014 INFO org.springframework.boot.autoconfigure.logging.ConditionEvaluationReportLoggingListener [restartedMain] 

Error starting ApplicationContext. To display the conditions report re-run your application with 'debug' enabled.
2021-02-22 17:20:49,028 ERROR org.springframework.boot.diagnostics.LoggingFailureAnalysisReporter [restartedMain] 

***************************
APPLICATION FAILED TO START
***************************

Description:

Parameter 0 of constructor in com.diploma.app.firebase.FirebaseService required a bean of type 'com.google.firebase.messaging.FirebaseMessaging' that could not be found.


Action:

Consider defining a bean of type 'com.google.firebase.messaging.FirebaseMessaging' in your configuration.

2021-02-22 17:22:30,058 INFO org.springframework.boot.StartupInfoLogger [restartedMain] Starting AppApplication using Java 15.0.2 on DESKTOP-VNA7EOH with PID 13384 (C:\Users\abola\IdeaProjects\Diploma\target\classes started by abola in C:\Users\abola\IdeaProjects\Diploma)
2021-02-22 17:22:30,061 INFO org.springframework.boot.SpringApplication [restartedMain] No active profile set, falling back to default profiles: default
2021-02-22 17:22:30,093 INFO org.springframework.boot.logging.DeferredLog [restartedMain] The Class-Path manifest attribute in C:\Users\abola\.m2\repository\io\grpc\grpc-netty-shaded\1.30.0\grpc-netty-shaded-1.30.0.jar referenced one or more files that do not exist: file:/C:/Users/abola/.m2/repository/io/grpc/grpc-netty-shaded/1.30.0/grpc-core-1.30.0.jar,file:/C:/Users/abola/.m2/repository/io/grpc/grpc-netty-shaded/1.30.0/grpc-api-1.30.0.jar,file:/C:/Users/abola/.m2/repository/io/grpc/grpc-netty-shaded/1.30.0/gson-2.8.6.jar,file:/C:/Users/abola/.m2/repository/io/grpc/grpc-netty-shaded/1.30.0/annotations-4.1.1.4.jar,file:/C:/Users/abola/.m2/repository/io/grpc/grpc-netty-shaded/1.30.0/animal-sniffer-annotations-1.18.jar,file:/C:/Users/abola/.m2/repository/io/grpc/grpc-netty-shaded/1.30.0/error_prone_annotations-2.3.4.jar,file:/C:/Users/abola/.m2/repository/io/grpc/grpc-netty-shaded/1.30.0/guava-28.2-android.jar,file:/C:/Users/abola/.m2/repository/io/grpc/grpc-netty-shaded/1.30.0/perfmark-api-0.19.0.jar,file:/C:/Users/abola/.m2/repository/io/grpc/grpc-netty-shaded/1.30.0/jsr305-3.0.2.jar,file:/C:/Users/abola/.m2/repository/io/grpc/grpc-netty-shaded/1.30.0/grpc-context-1.30.0.jar,file:/C:/Users/abola/.m2/repository/io/grpc/grpc-netty-shaded/1.30.0/failureaccess-1.0.1.jar,file:/C:/Users/abola/.m2/repository/io/grpc/grpc-netty-shaded/1.30.0/listenablefuture-9999.0-empty-to-avoid-conflict-with-guava.jar,file:/C:/Users/abola/.m2/repository/io/grpc/grpc-netty-shaded/1.30.0/checker-compat-qual-2.5.5.jar,file:/C:/Users/abola/.m2/repository/io/grpc/grpc-netty-shaded/1.30.0/j2objc-annotations-1.3.jar
2021-02-22 17:22:30,093 INFO org.springframework.boot.logging.DeferredLog [restartedMain] The Class-Path manifest attribute in C:\Users\abola\.m2\repository\io\grpc\grpc-alts\1.30.0\grpc-alts-1.30.0.jar referenced one or more files that do not exist: file:/C:/Users/abola/.m2/repository/io/grpc/grpc-alts/1.30.0/grpc-auth-1.30.0.jar,file:/C:/Users/abola/.m2/repository/io/grpc/grpc-alts/1.30.0/grpc-grpclb-1.30.0.jar,file:/C:/Users/abola/.m2/repository/io/grpc/grpc-alts/1.30.0/grpc-protobuf-1.30.0.jar,file:/C:/Users/abola/.m2/repository/io/grpc/grpc-alts/1.30.0/grpc-stub-1.30.0.jar,file:/C:/Users/abola/.m2/repository/io/grpc/grpc-alts/1.30.0/commons-lang3-3.5.jar,file:/C:/Users/abola/.m2/repository/io/grpc/grpc-alts/1.30.0/protobuf-java-util-3.12.0.jar,file:/C:/Users/abola/.m2/repository/io/grpc/grpc-alts/1.30.0/protobuf-java-3.12.0.jar,file:/C:/Users/abola/.m2/repository/io/grpc/grpc-alts/1.30.0/conscrypt-openjdk-uber-2.2.1.jar,file:/C:/Users/abola/.m2/repository/io/grpc/grpc-alts/1.30.0/google-auth-library-oauth2-http-0.20.0.jar,file:/C:/Users/abola/.m2/repository/io/grpc/grpc-alts/1.30.0/grpc-netty-shaded-1.30.0.jar,file:/C:/Users/abola/.m2/repository/io/grpc/grpc-alts/1.30.0/grpc-core-1.30.0.jar,file:/C:/Users/abola/.m2/repository/io/grpc/grpc-alts/1.30.0/grpc-protobuf-lite-1.30.0.jar,file:/C:/Users/abola/.m2/repository/io/grpc/grpc-alts/1.30.0/grpc-api-1.30.0.jar,file:/C:/Users/abola/.m2/repository/io/grpc/grpc-alts/1.30.0/guava-28.2-android.jar,file:/C:/Users/abola/.m2/repository/io/grpc/grpc-alts/1.30.0/error_prone_annotations-2.3.4.jar,file:/C:/Users/abola/.m2/repository/io/grpc/grpc-alts/1.30.0/google-auth-library-credentials-0.20.0.jar,file:/C:/Users/abola/.m2/repository/io/grpc/grpc-alts/1.30.0/animal-sniffer-annotations-1.18.jar,file:/C:/Users/abola/.m2/repository/io/grpc/grpc-alts/1.30.0/google-http-client-jackson2-1.34.0.jar,file:/C:/Users/abola/.m2/repository/io/grpc/grpc-alts/1.30.0/google-http-client-1.34.0.jar,file:/C:/Users/abola/.m2/repository/io/grpc/grpc-alts/1.30.0/perfmark-api-0.19.0.jar,file:/C:/Users/abola/.m2/repository/io/grpc/grpc-alts/1.30.0/jsr305-3.0.2.jar,file:/C:/Users/abola/.m2/repository/io/grpc/grpc-alts/1.30.0/proto-google-common-protos-1.17.0.jar,file:/C:/Users/abola/.m2/repository/io/grpc/grpc-alts/1.30.0/auto-value-annotations-1.7.jar,file:/C:/Users/abola/.m2/repository/io/grpc/grpc-alts/1.30.0/failureaccess-1.0.1.jar,file:/C:/Users/abola/.m2/repository/io/grpc/grpc-alts/1.30.0/listenablefuture-9999.0-empty-to-avoid-conflict-with-guava.jar,file:/C:/Users/abola/.m2/repository/io/grpc/grpc-alts/1.30.0/checker-compat-qual-2.5.5.jar,file:/C:/Users/abola/.m2/repository/io/grpc/grpc-alts/1.30.0/j2objc-annotations-1.3.jar,file:/C:/Users/abola/.m2/repository/io/grpc/grpc-alts/1.30.0/grpc-context-1.30.0.jar,file:/C:/Users/abola/.m2/repository/io/grpc/grpc-alts/1.30.0/gson-2.8.6.jar,file:/C:/Users/abola/.m2/repository/io/grpc/grpc-alts/1.30.0/annotations-4.1.1.4.jar,file:/C:/Users/abola/.m2/repository/io/grpc/grpc-alts/1.30.0/httpclient-4.5.10.jar,file:/C:/Users/abola/.m2/repository/io/grpc/grpc-alts/1.30.0/httpcore-4.4.12.jar,file:/C:/Users/abola/.m2/repository/io/grpc/grpc-alts/1.30.0/opencensus-contrib-http-util-0.24.0.jar,file:/C:/Users/abola/.m2/repository/io/grpc/grpc-alts/1.30.0/opencensus-api-0.24.0.jar,file:/C:/Users/abola/.m2/repository/io/grpc/grpc-alts/1.30.0/jackson-core-2.10.1.jar,file:/C:/Users/abola/.m2/repository/io/grpc/grpc-alts/1.30.0/commons-logging-1.2.jar,file:/C:/Users/abola/.m2/repository/io/grpc/grpc-alts/1.30.0/commons-codec-1.11.jar
2021-02-22 17:22:30,094 INFO org.springframework.boot.logging.DeferredLog [restartedMain] Devtools property defaults active! Set 'spring.devtools.add-properties' to 'false' to disable
2021-02-22 17:22:30,094 INFO org.springframework.boot.logging.DeferredLog [restartedMain] For additional web related logging consider setting the 'logging.level.web' property to 'DEBUG'
2021-02-22 17:22:30,106 WARN org.springframework.core.log.CompositeLog [background-preinit] For Jackson Kotlin classes support please add "com.fasterxml.jackson.module:jackson-module-kotlin" to the classpath
2021-02-22 17:22:30,923 INFO org.springframework.data.repository.config.RepositoryConfigurationDelegate [restartedMain] Bootstrapping Spring Data JPA repositories in DEFERRED mode.
2021-02-22 17:22:30,982 INFO org.springframework.data.repository.config.RepositoryConfigurationDelegate [restartedMain] Finished Spring Data repository scanning in 55 ms. Found 8 JPA repository interfaces.
2021-02-22 17:22:31,356 INFO org.springframework.boot.web.embedded.tomcat.TomcatWebServer [restartedMain] Tomcat initialized with port(s): 8008 (http)
2021-02-22 17:22:31,361 INFO org.apache.juli.logging.DirectJDKLog [restartedMain] Initializing ProtocolHandler ["http-nio-8008"]
2021-02-22 17:22:31,362 INFO org.apache.juli.logging.DirectJDKLog [restartedMain] Starting service [Tomcat]
2021-02-22 17:22:31,362 INFO org.apache.juli.logging.DirectJDKLog [restartedMain] Starting Servlet engine: [Apache Tomcat/9.0.39]
2021-02-22 17:22:31,427 INFO org.apache.juli.logging.DirectJDKLog [restartedMain] Initializing Spring embedded WebApplicationContext
2021-02-22 17:22:31,427 INFO org.springframework.boot.web.servlet.context.ServletWebServerApplicationContext [restartedMain] Root WebApplicationContext: initialization completed in 1332 ms
2021-02-22 17:22:31,523 INFO org.springframework.scheduling.concurrent.ExecutorConfigurationSupport [restartedMain] Initializing ExecutorService 'applicationTaskExecutor'
2021-02-22 17:22:31,549 INFO org.hibernate.jpa.internal.util.LogHelper [task-1] HHH000204: Processing PersistenceUnitInfo [name: default]
2021-02-22 17:22:31,575 INFO org.hibernate.Version [task-1] HHH000412: Hibernate ORM core version 5.4.23.Final
2021-02-22 17:22:31,578 WARN org.springframework.boot.autoconfigure.orm.jpa.JpaBaseConfiguration$JpaWebConfiguration [restartedMain] spring.jpa.open-in-view is enabled by default. Therefore, database queries may be performed during view rendering. Explicitly configure spring.jpa.open-in-view to disable this warning
2021-02-22 17:22:31,641 INFO org.hibernate.annotations.common.reflection.java.JavaReflectionManager [task-1] HCANN000001: Hibernate Commons Annotations {5.1.2.Final}
2021-02-22 17:22:31,704 INFO com.zaxxer.hikari.HikariDataSource [task-1] HikariPool-1 - Starting...
2021-02-22 17:22:31,778 WARN org.springframework.context.support.AbstractApplicationContext [restartedMain] Exception encountered during context initialization - cancelling refresh attempt: org.springframework.beans.factory.UnsatisfiedDependencyException: Error creating bean with name 'documentationPluginsBootstrapper' defined in URL [jar:file:/C:/Users/abola/.m2/repository/io/springfox/springfox-spring-web/2.9.2/springfox-spring-web-2.9.2.jar!/springfox/documentation/spring/web/plugins/DocumentationPluginsBootstrapper.class]: Unsatisfied dependency expressed through constructor parameter 1; nested exception is org.springframework.beans.factory.UnsatisfiedDependencyException: Error creating bean with name 'webMvcRequestHandlerProvider' defined in URL [jar:file:/C:/Users/abola/.m2/repository/io/springfox/springfox-spring-web/2.9.2/springfox-spring-web-2.9.2.jar!/springfox/documentation/spring/web/plugins/WebMvcRequestHandlerProvider.class]: Unsatisfied dependency expressed through constructor parameter 1; nested exception is org.springframework.beans.factory.BeanCreationException: Error creating bean with name 'requestMappingHandlerMapping' defined in class path resource [org/springframework/boot/autoconfigure/web/servlet/WebMvcAutoConfiguration$EnableWebMvcConfiguration.class]: Invocation of init method failed; nested exception is java.lang.IllegalStateException: Ambiguous mapping. Cannot map 'supermarketController' method 
com.diploma.app.controller.supermarket.SupermarketController#getAllSupermarketsByCity(Integer)
to {GET [/api/supermarkets]}: There is already 'supermarketController' bean method
com.diploma.app.controller.supermarket.SupermarketController#getAllSupermarkets() mapped.
2021-02-22 17:22:31,779 INFO org.springframework.orm.jpa.AbstractEntityManagerFactoryBean [restartedMain] Closing JPA EntityManagerFactory for persistence unit 'default'
2021-02-22 17:22:31,813 INFO com.zaxxer.hikari.HikariDataSource [task-1] HikariPool-1 - Start completed.
2021-02-22 17:22:31,826 INFO org.hibernate.dialect.Dialect [task-1] HHH000400: Using dialect: org.hibernate.dialect.PostgreSQL10Dialect
2021-02-22 17:22:32,551 INFO org.hibernate.engine.transaction.jta.platform.internal.JtaPlatformInitiator [task-1] HHH000490: Using JtaPlatform implementation: [org.hibernate.engine.transaction.jta.platform.internal.NoJtaPlatform]
2021-02-22 17:22:32,556 INFO org.springframework.orm.jpa.AbstractEntityManagerFactoryBean [task-1] Initialized JPA EntityManagerFactory for persistence unit 'default'
2021-02-22 17:22:32,558 INFO org.springframework.scheduling.concurrent.ExecutorConfigurationSupport [restartedMain] Shutting down ExecutorService 'applicationTaskExecutor'
2021-02-22 17:22:32,559 INFO com.zaxxer.hikari.HikariDataSource [restartedMain] HikariPool-1 - Shutdown initiated...
2021-02-22 17:22:32,562 INFO com.zaxxer.hikari.HikariDataSource [restartedMain] HikariPool-1 - Shutdown completed.
2021-02-22 17:22:32,564 INFO org.apache.juli.logging.DirectJDKLog [restartedMain] Stopping service [Tomcat]
2021-02-22 17:22:32,572 INFO org.springframework.boot.autoconfigure.logging.ConditionEvaluationReportLoggingListener [restartedMain] 

Error starting ApplicationContext. To display the conditions report re-run your application with 'debug' enabled.
2021-02-22 17:22:32,585 ERROR org.springframework.boot.SpringApplication [restartedMain] Application run failed
org.springframework.beans.factory.UnsatisfiedDependencyException: Error creating bean with name 'documentationPluginsBootstrapper' defined in URL [jar:file:/C:/Users/abola/.m2/repository/io/springfox/springfox-spring-web/2.9.2/springfox-spring-web-2.9.2.jar!/springfox/documentation/spring/web/plugins/DocumentationPluginsBootstrapper.class]: Unsatisfied dependency expressed through constructor parameter 1; nested exception is org.springframework.beans.factory.UnsatisfiedDependencyException: Error creating bean with name 'webMvcRequestHandlerProvider' defined in URL [jar:file:/C:/Users/abola/.m2/repository/io/springfox/springfox-spring-web/2.9.2/springfox-spring-web-2.9.2.jar!/springfox/documentation/spring/web/plugins/WebMvcRequestHandlerProvider.class]: Unsatisfied dependency expressed through constructor parameter 1; nested exception is org.springframework.beans.factory.BeanCreationException: Error creating bean with name 'requestMappingHandlerMapping' defined in class path resource [org/springframework/boot/autoconfigure/web/servlet/WebMvcAutoConfiguration$EnableWebMvcConfiguration.class]: Invocation of init method failed; nested exception is java.lang.IllegalStateException: Ambiguous mapping. Cannot map 'supermarketController' method 
com.diploma.app.controller.supermarket.SupermarketController#getAllSupermarketsByCity(Integer)
to {GET [/api/supermarkets]}: There is already 'supermarketController' bean method
com.diploma.app.controller.supermarket.SupermarketController#getAllSupermarkets() mapped.
	at org.springframework.beans.factory.support.ConstructorResolver.createArgumentArray(ConstructorResolver.java:798)
	at org.springframework.beans.factory.support.ConstructorResolver.autowireConstructor(ConstructorResolver.java:228)
	at org.springframework.beans.factory.support.AbstractAutowireCapableBeanFactory.autowireConstructor(AbstractAutowireCapableBeanFactory.java:1356)
	at org.springframework.beans.factory.support.AbstractAutowireCapableBeanFactory.createBeanInstance(AbstractAutowireCapableBeanFactory.java:1206)
	at org.springframework.beans.factory.support.AbstractAutowireCapableBeanFactory.doCreateBean(AbstractAutowireCapableBeanFactory.java:571)
	at org.springframework.beans.factory.support.AbstractAutowireCapableBeanFactory.createBean(AbstractAutowireCapableBeanFactory.java:531)
	at org.springframework.beans.factory.support.AbstractBeanFactory.lambda$doGetBean$0(AbstractBeanFactory.java:335)
	at org.springframework.beans.factory.support.DefaultSingletonBeanRegistry.getSingleton(DefaultSingletonBeanRegistry.java:234)
	at org.springframework.beans.factory.support.AbstractBeanFactory.doGetBean(AbstractBeanFactory.java:333)
	at org.springframework.beans.factory.support.AbstractBeanFactory.getBean(AbstractBeanFactory.java:208)
	at org.springframework.beans.factory.support.DefaultListableBeanFactory.preInstantiateSingletons(DefaultListableBeanFactory.java:944)
	at org.springframework.context.support.AbstractApplicationContext.finishBeanFactoryInitialization(AbstractApplicationContext.java:925)
	at org.springframework.context.support.AbstractApplicationContext.refresh(AbstractApplicationContext.java:588)
	at org.springframework.boot.web.servlet.context.ServletWebServerApplicationContext.refresh(ServletWebServerApplicationContext.java:144)
	at org.springframework.boot.SpringApplication.refresh(SpringApplication.java:767)
	at org.springframework.boot.SpringApplication.refresh(SpringApplication.java:759)
	at org.springframework.boot.SpringApplication.refreshContext(SpringApplication.java:426)
	at org.springframework.boot.SpringApplication.run(SpringApplication.java:326)
	at org.springframework.boot.SpringApplication.run(SpringApplication.java:1309)
	at org.springframework.boot.SpringApplication.run(SpringApplication.java:1298)
	at com.diploma.app.AppApplication.main(AppApplication.java:23)
	at java.base/jdk.internal.reflect.NativeMethodAccessorImpl.invoke0(Native Method)
	at java.base/jdk.internal.reflect.NativeMethodAccessorImpl.invoke(NativeMethodAccessorImpl.java:64)
	at java.base/jdk.internal.reflect.DelegatingMethodAccessorImpl.invoke(DelegatingMethodAccessorImpl.java:43)
	at java.base/java.lang.reflect.Method.invoke(Method.java:564)
	at org.springframework.boot.devtools.restart.RestartLauncher.run(RestartLauncher.java:49)
Caused by: org.springframework.beans.factory.UnsatisfiedDependencyException: Error creating bean with name 'webMvcRequestHandlerProvider' defined in URL [jar:file:/C:/Users/abola/.m2/repository/io/springfox/springfox-spring-web/2.9.2/springfox-spring-web-2.9.2.jar!/springfox/documentation/spring/web/plugins/WebMvcRequestHandlerProvider.class]: Unsatisfied dependency expressed through constructor parameter 1; nested exception is org.springframework.beans.factory.BeanCreationException: Error creating bean with name 'requestMappingHandlerMapping' defined in class path resource [org/springframework/boot/autoconfigure/web/servlet/WebMvcAutoConfiguration$EnableWebMvcConfiguration.class]: Invocation of init method failed; nested exception is java.lang.IllegalStateException: Ambiguous mapping. Cannot map 'supermarketController' method 
com.diploma.app.controller.supermarket.SupermarketController#getAllSupermarketsByCity(Integer)
to {GET [/api/supermarkets]}: There is already 'supermarketController' bean method
com.diploma.app.controller.supermarket.SupermarketController#getAllSupermarkets() mapped.
	at org.springframework.beans.factory.support.ConstructorResolver.createArgumentArray(ConstructorResolver.java:798)
	at org.springframework.beans.factory.support.ConstructorResolver.autowireConstructor(ConstructorResolver.java:228)
	at org.springframework.beans.factory.support.AbstractAutowireCapableBeanFactory.autowireConstructor(AbstractAutowireCapableBeanFactory.java:1356)
	at org.springframework.beans.factory.support.AbstractAutowireCapableBeanFactory.createBeanInstance(AbstractAutowireCapableBeanFactory.java:1206)
	at org.springframework.beans.factory.support.AbstractAutowireCapableBeanFactory.doCreateBean(AbstractAutowireCapableBeanFactory.java:571)
	at org.springframework.beans.factory.support.AbstractAutowireCapableBeanFactory.createBean(AbstractAutowireCapableBeanFactory.java:531)
	at org.springframework.beans.factory.support.AbstractBeanFactory.lambda$doGetBean$0(AbstractBeanFactory.java:335)
	at org.springframework.beans.factory.support.DefaultSingletonBeanRegistry.getSingleton(DefaultSingletonBeanRegistry.java:234)
	at org.springframework.beans.factory.support.AbstractBeanFactory.doGetBean(AbstractBeanFactory.java:333)
	at org.springframework.beans.factory.support.AbstractBeanFactory.getBean(AbstractBeanFactory.java:208)
	at org.springframework.beans.factory.config.DependencyDescriptor.resolveCandidate(DependencyDescriptor.java:276)
	at org.springframework.beans.factory.support.DefaultListableBeanFactory.addCandidateEntry(DefaultListableBeanFactory.java:1585)
	at org.springframework.beans.factory.support.DefaultListableBeanFactory.findAutowireCandidates(DefaultListableBeanFactory.java:1549)
	at org.springframework.beans.factory.support.DefaultListableBeanFactory.resolveMultipleBeans(DefaultListableBeanFactory.java:1438)
	at org.springframework.beans.factory.support.DefaultListableBeanFactory.doResolveDependency(DefaultListableBeanFactory.java:1325)
	at org.springframework.beans.factory.support.DefaultListableBeanFactory.resolveDependency(DefaultListableBeanFactory.java:1287)
	at org.springframework.beans.factory.support.ConstructorResolver.resolveAutowiredArgument(ConstructorResolver.java:885)
	at org.springframework.beans.factory.support.ConstructorResolver.createArgumentArray(ConstructorResolver.java:789)
	... 25 common frames omitted
Caused by: org.springframework.beans.factory.BeanCreationException: Error creating bean with name 'requestMappingHandlerMapping' defined in class path resource [org/springframework/boot/autoconfigure/web/servlet/WebMvcAutoConfiguration$EnableWebMvcConfiguration.class]: Invocation of init method failed; nested exception is java.lang.IllegalStateException: Ambiguous mapping. Cannot map 'supermarketController' method 
com.diploma.app.controller.supermarket.SupermarketController#getAllSupermarketsByCity(Integer)
to {GET [/api/supermarkets]}: There is already 'supermarketController' bean method
com.diploma.app.controller.supermarket.SupermarketController#getAllSupermarkets() mapped.
	at org.springframework.beans.factory.support.AbstractAutowireCapableBeanFactory.initializeBean(AbstractAutowireCapableBeanFactory.java:1788)
	at org.springframework.beans.factory.support.AbstractAutowireCapableBeanFactory.doCreateBean(AbstractAutowireCapableBeanFactory.java:609)
	at org.springframework.beans.factory.support.AbstractAutowireCapableBeanFactory.createBean(AbstractAutowireCapableBeanFactory.java:531)
	at org.springframework.beans.factory.support.AbstractBeanFactory.lambda$doGetBean$0(AbstractBeanFactory.java:335)
	at org.springframework.beans.factory.support.DefaultSingletonBeanRegistry.getSingleton(DefaultSingletonBeanRegistry.java:234)
	at org.springframework.beans.factory.support.AbstractBeanFactory.doGetBean(AbstractBeanFactory.java:333)
	at org.springframework.beans.factory.support.AbstractBeanFactory.getBean(AbstractBeanFactory.java:208)
	at org.springframework.beans.factory.config.DependencyDescriptor.resolveCandidate(DependencyDescriptor.java:276)
	at org.springframework.beans.factory.support.DefaultListableBeanFactory.addCandidateEntry(DefaultListableBeanFactory.java:1585)
	at org.springframework.beans.factory.support.DefaultListableBeanFactory.findAutowireCandidates(DefaultListableBeanFactory.java:1549)
	at org.springframework.beans.factory.support.DefaultListableBeanFactory.resolveMultipleBeans(DefaultListableBeanFactory.java:1438)
	at org.springframework.beans.factory.support.DefaultListableBeanFactory.doResolveDependency(DefaultListableBeanFactory.java:1325)
	at org.springframework.beans.factory.support.DefaultListableBeanFactory.resolveDependency(DefaultListableBeanFactory.java:1287)
	at org.springframework.beans.factory.support.ConstructorResolver.resolveAutowiredArgument(ConstructorResolver.java:885)
	at org.springframework.beans.factory.support.ConstructorResolver.createArgumentArray(ConstructorResolver.java:789)
	... 42 common frames omitted
Caused by: java.lang.IllegalStateException: Ambiguous mapping. Cannot map 'supermarketController' method 
com.diploma.app.controller.supermarket.SupermarketController#getAllSupermarketsByCity(Integer)
to {GET [/api/supermarkets]}: There is already 'supermarketController' bean method
com.diploma.app.controller.supermarket.SupermarketController#getAllSupermarkets() mapped.
	at org.springframework.web.servlet.handler.AbstractHandlerMethodMapping$MappingRegistry.validateMethodMapping(AbstractHandlerMethodMapping.java:644)
	at org.springframework.web.servlet.handler.AbstractHandlerMethodMapping$MappingRegistry.register(AbstractHandlerMethodMapping.java:611)
	at org.springframework.web.servlet.handler.AbstractHandlerMethodMapping.registerHandlerMethod(AbstractHandlerMethodMapping.java:316)
	at org.springframework.web.servlet.mvc.method.annotation.RequestMappingHandlerMapping.registerHandlerMethod(RequestMappingHandlerMapping.java:395)
	at org.springframework.web.servlet.mvc.method.annotation.RequestMappingHandlerMapping.registerHandlerMethod(RequestMappingHandlerMapping.java:76)
	at org.springframework.web.servlet.handler.AbstractHandlerMethodMapping.lambda$detectHandlerMethods$2(AbstractHandlerMethodMapping.java:286)
	at java.base/java.util.LinkedHashMap.forEach(LinkedHashMap.java:723)
	at org.springframework.web.servlet.handler.AbstractHandlerMethodMapping.detectHandlerMethods(AbstractHandlerMethodMapping.java:284)
	at org.springframework.web.servlet.handler.AbstractHandlerMethodMapping.processCandidateBean(AbstractHandlerMethodMapping.java:256)
	at org.springframework.web.servlet.handler.AbstractHandlerMethodMapping.initHandlerMethods(AbstractHandlerMethodMapping.java:215)
	at org.springframework.web.servlet.handler.AbstractHandlerMethodMapping.afterPropertiesSet(AbstractHandlerMethodMapping.java:203)
	at org.springframework.web.servlet.mvc.method.annotation.RequestMappingHandlerMapping.afterPropertiesSet(RequestMappingHandlerMapping.java:206)
	at org.springframework.beans.factory.support.AbstractAutowireCapableBeanFactory.invokeInitMethods(AbstractAutowireCapableBeanFactory.java:1847)
	at org.springframework.beans.factory.support.AbstractAutowireCapableBeanFactory.initializeBean(AbstractAutowireCapableBeanFactory.java:1784)
	... 56 common frames omitted
2021-02-22 17:24:07,060 INFO org.springframework.boot.StartupInfoLogger [restartedMain] Starting AppApplication using Java 15.0.2 on DESKTOP-VNA7EOH with PID 9924 (C:\Users\abola\IdeaProjects\Diploma\target\classes started by abola in C:\Users\abola\IdeaProjects\Diploma)
2021-02-22 17:24:07,063 INFO org.springframework.boot.SpringApplication [restartedMain] No active profile set, falling back to default profiles: default
2021-02-22 17:24:07,093 INFO org.springframework.boot.logging.DeferredLog [restartedMain] The Class-Path manifest attribute in C:\Users\abola\.m2\repository\io\grpc\grpc-netty-shaded\1.30.0\grpc-netty-shaded-1.30.0.jar referenced one or more files that do not exist: file:/C:/Users/abola/.m2/repository/io/grpc/grpc-netty-shaded/1.30.0/grpc-core-1.30.0.jar,file:/C:/Users/abola/.m2/repository/io/grpc/grpc-netty-shaded/1.30.0/grpc-api-1.30.0.jar,file:/C:/Users/abola/.m2/repository/io/grpc/grpc-netty-shaded/1.30.0/gson-2.8.6.jar,file:/C:/Users/abola/.m2/repository/io/grpc/grpc-netty-shaded/1.30.0/annotations-4.1.1.4.jar,file:/C:/Users/abola/.m2/repository/io/grpc/grpc-netty-shaded/1.30.0/animal-sniffer-annotations-1.18.jar,file:/C:/Users/abola/.m2/repository/io/grpc/grpc-netty-shaded/1.30.0/error_prone_annotations-2.3.4.jar,file:/C:/Users/abola/.m2/repository/io/grpc/grpc-netty-shaded/1.30.0/guava-28.2-android.jar,file:/C:/Users/abola/.m2/repository/io/grpc/grpc-netty-shaded/1.30.0/perfmark-api-0.19.0.jar,file:/C:/Users/abola/.m2/repository/io/grpc/grpc-netty-shaded/1.30.0/jsr305-3.0.2.jar,file:/C:/Users/abola/.m2/repository/io/grpc/grpc-netty-shaded/1.30.0/grpc-context-1.30.0.jar,file:/C:/Users/abola/.m2/repository/io/grpc/grpc-netty-shaded/1.30.0/failureaccess-1.0.1.jar,file:/C:/Users/abola/.m2/repository/io/grpc/grpc-netty-shaded/1.30.0/listenablefuture-9999.0-empty-to-avoid-conflict-with-guava.jar,file:/C:/Users/abola/.m2/repository/io/grpc/grpc-netty-shaded/1.30.0/checker-compat-qual-2.5.5.jar,file:/C:/Users/abola/.m2/repository/io/grpc/grpc-netty-shaded/1.30.0/j2objc-annotations-1.3.jar
2021-02-22 17:24:07,093 INFO org.springframework.boot.logging.DeferredLog [restartedMain] The Class-Path manifest attribute in C:\Users\abola\.m2\repository\io\grpc\grpc-alts\1.30.0\grpc-alts-1.30.0.jar referenced one or more files that do not exist: file:/C:/Users/abola/.m2/repository/io/grpc/grpc-alts/1.30.0/grpc-auth-1.30.0.jar,file:/C:/Users/abola/.m2/repository/io/grpc/grpc-alts/1.30.0/grpc-grpclb-1.30.0.jar,file:/C:/Users/abola/.m2/repository/io/grpc/grpc-alts/1.30.0/grpc-protobuf-1.30.0.jar,file:/C:/Users/abola/.m2/repository/io/grpc/grpc-alts/1.30.0/grpc-stub-1.30.0.jar,file:/C:/Users/abola/.m2/repository/io/grpc/grpc-alts/1.30.0/commons-lang3-3.5.jar,file:/C:/Users/abola/.m2/repository/io/grpc/grpc-alts/1.30.0/protobuf-java-util-3.12.0.jar,file:/C:/Users/abola/.m2/repository/io/grpc/grpc-alts/1.30.0/protobuf-java-3.12.0.jar,file:/C:/Users/abola/.m2/repository/io/grpc/grpc-alts/1.30.0/conscrypt-openjdk-uber-2.2.1.jar,file:/C:/Users/abola/.m2/repository/io/grpc/grpc-alts/1.30.0/google-auth-library-oauth2-http-0.20.0.jar,file:/C:/Users/abola/.m2/repository/io/grpc/grpc-alts/1.30.0/grpc-netty-shaded-1.30.0.jar,file:/C:/Users/abola/.m2/repository/io/grpc/grpc-alts/1.30.0/grpc-core-1.30.0.jar,file:/C:/Users/abola/.m2/repository/io/grpc/grpc-alts/1.30.0/grpc-protobuf-lite-1.30.0.jar,file:/C:/Users/abola/.m2/repository/io/grpc/grpc-alts/1.30.0/grpc-api-1.30.0.jar,file:/C:/Users/abola/.m2/repository/io/grpc/grpc-alts/1.30.0/guava-28.2-android.jar,file:/C:/Users/abola/.m2/repository/io/grpc/grpc-alts/1.30.0/error_prone_annotations-2.3.4.jar,file:/C:/Users/abola/.m2/repository/io/grpc/grpc-alts/1.30.0/google-auth-library-credentials-0.20.0.jar,file:/C:/Users/abola/.m2/repository/io/grpc/grpc-alts/1.30.0/animal-sniffer-annotations-1.18.jar,file:/C:/Users/abola/.m2/repository/io/grpc/grpc-alts/1.30.0/google-http-client-jackson2-1.34.0.jar,file:/C:/Users/abola/.m2/repository/io/grpc/grpc-alts/1.30.0/google-http-client-1.34.0.jar,file:/C:/Users/abola/.m2/repository/io/grpc/grpc-alts/1.30.0/perfmark-api-0.19.0.jar,file:/C:/Users/abola/.m2/repository/io/grpc/grpc-alts/1.30.0/jsr305-3.0.2.jar,file:/C:/Users/abola/.m2/repository/io/grpc/grpc-alts/1.30.0/proto-google-common-protos-1.17.0.jar,file:/C:/Users/abola/.m2/repository/io/grpc/grpc-alts/1.30.0/auto-value-annotations-1.7.jar,file:/C:/Users/abola/.m2/repository/io/grpc/grpc-alts/1.30.0/failureaccess-1.0.1.jar,file:/C:/Users/abola/.m2/repository/io/grpc/grpc-alts/1.30.0/listenablefuture-9999.0-empty-to-avoid-conflict-with-guava.jar,file:/C:/Users/abola/.m2/repository/io/grpc/grpc-alts/1.30.0/checker-compat-qual-2.5.5.jar,file:/C:/Users/abola/.m2/repository/io/grpc/grpc-alts/1.30.0/j2objc-annotations-1.3.jar,file:/C:/Users/abola/.m2/repository/io/grpc/grpc-alts/1.30.0/grpc-context-1.30.0.jar,file:/C:/Users/abola/.m2/repository/io/grpc/grpc-alts/1.30.0/gson-2.8.6.jar,file:/C:/Users/abola/.m2/repository/io/grpc/grpc-alts/1.30.0/annotations-4.1.1.4.jar,file:/C:/Users/abola/.m2/repository/io/grpc/grpc-alts/1.30.0/httpclient-4.5.10.jar,file:/C:/Users/abola/.m2/repository/io/grpc/grpc-alts/1.30.0/httpcore-4.4.12.jar,file:/C:/Users/abola/.m2/repository/io/grpc/grpc-alts/1.30.0/opencensus-contrib-http-util-0.24.0.jar,file:/C:/Users/abola/.m2/repository/io/grpc/grpc-alts/1.30.0/opencensus-api-0.24.0.jar,file:/C:/Users/abola/.m2/repository/io/grpc/grpc-alts/1.30.0/jackson-core-2.10.1.jar,file:/C:/Users/abola/.m2/repository/io/grpc/grpc-alts/1.30.0/commons-logging-1.2.jar,file:/C:/Users/abola/.m2/repository/io/grpc/grpc-alts/1.30.0/commons-codec-1.11.jar
2021-02-22 17:24:07,093 INFO org.springframework.boot.logging.DeferredLog [restartedMain] Devtools property defaults active! Set 'spring.devtools.add-properties' to 'false' to disable
2021-02-22 17:24:07,094 INFO org.springframework.boot.logging.DeferredLog [restartedMain] For additional web related logging consider setting the 'logging.level.web' property to 'DEBUG'
2021-02-22 17:24:07,102 WARN org.springframework.core.log.CompositeLog [background-preinit] For Jackson Kotlin classes support please add "com.fasterxml.jackson.module:jackson-module-kotlin" to the classpath
2021-02-22 17:24:07,883 INFO org.springframework.data.repository.config.RepositoryConfigurationDelegate [restartedMain] Bootstrapping Spring Data JPA repositories in DEFERRED mode.
2021-02-22 17:24:07,940 INFO org.springframework.data.repository.config.RepositoryConfigurationDelegate [restartedMain] Finished Spring Data repository scanning in 53 ms. Found 8 JPA repository interfaces.
2021-02-22 17:24:08,313 INFO org.springframework.boot.web.embedded.tomcat.TomcatWebServer [restartedMain] Tomcat initialized with port(s): 8008 (http)
2021-02-22 17:24:08,319 INFO org.apache.juli.logging.DirectJDKLog [restartedMain] Initializing ProtocolHandler ["http-nio-8008"]
2021-02-22 17:24:08,319 INFO org.apache.juli.logging.DirectJDKLog [restartedMain] Starting service [Tomcat]
2021-02-22 17:24:08,319 INFO org.apache.juli.logging.DirectJDKLog [restartedMain] Starting Servlet engine: [Apache Tomcat/9.0.39]
2021-02-22 17:24:08,385 INFO org.apache.juli.logging.DirectJDKLog [restartedMain] Initializing Spring embedded WebApplicationContext
2021-02-22 17:24:08,386 INFO org.springframework.boot.web.servlet.context.ServletWebServerApplicationContext [restartedMain] Root WebApplicationContext: initialization completed in 1292 ms
2021-02-22 17:24:08,478 INFO org.springframework.scheduling.concurrent.ExecutorConfigurationSupport [restartedMain] Initializing ExecutorService 'applicationTaskExecutor'
2021-02-22 17:24:08,504 INFO org.hibernate.jpa.internal.util.LogHelper [task-1] HHH000204: Processing PersistenceUnitInfo [name: default]
2021-02-22 17:24:08,530 INFO org.hibernate.Version [task-1] HHH000412: Hibernate ORM core version 5.4.23.Final
2021-02-22 17:24:08,532 WARN org.springframework.boot.autoconfigure.orm.jpa.JpaBaseConfiguration$JpaWebConfiguration [restartedMain] spring.jpa.open-in-view is enabled by default. Therefore, database queries may be performed during view rendering. Explicitly configure spring.jpa.open-in-view to disable this warning
2021-02-22 17:24:08,600 INFO org.hibernate.annotations.common.reflection.java.JavaReflectionManager [task-1] HCANN000001: Hibernate Commons Annotations {5.1.2.Final}
2021-02-22 17:24:08,667 INFO com.zaxxer.hikari.HikariDataSource [task-1] HikariPool-1 - Starting...
2021-02-22 17:24:08,769 INFO springfox.documentation.spring.web.PropertySourcedRequestMappingHandlerMapping [restartedMain] Mapped URL path [/v2/api-docs] onto method [springfox.documentation.swagger2.web.Swagger2Controller#getDocumentation(String, HttpServletRequest)]
2021-02-22 17:24:08,776 INFO com.zaxxer.hikari.HikariDataSource [task-1] HikariPool-1 - Start completed.
2021-02-22 17:24:08,788 INFO org.hibernate.dialect.Dialect [task-1] HHH000400: Using dialect: org.hibernate.dialect.PostgreSQL10Dialect
2021-02-22 17:24:08,854 INFO org.springframework.boot.devtools.autoconfigure.OptionalLiveReloadServer [restartedMain] LiveReload server is running on port 35729
2021-02-22 17:24:09,039 INFO org.springframework.security.web.DefaultSecurityFilterChain [restartedMain] Will secure any request with [org.springframework.security.web.context.request.async.WebAsyncManagerIntegrationFilter@1733b8f2, org.springframework.security.web.context.SecurityContextPersistenceFilter@14a4ee2, org.springframework.security.web.header.HeaderWriterFilter@d5508fd, org.springframework.security.web.authentication.logout.LogoutFilter@44f099f, com.diploma.app.security.jwt.JwtTokenFilter@8f1226c, org.springframework.security.web.savedrequest.RequestCacheAwareFilter@57f63801, org.springframework.security.web.servletapi.SecurityContextHolderAwareRequestFilter@56dee1, org.springframework.security.web.authentication.AnonymousAuthenticationFilter@2b83b782, org.springframework.security.web.session.SessionManagementFilter@11c17564, org.springframework.security.web.access.ExceptionTranslationFilter@ab8ff, org.springframework.security.web.access.intercept.FilterSecurityInterceptor@792b0759]
2021-02-22 17:24:09,087 INFO org.apache.juli.logging.DirectJDKLog [restartedMain] Starting ProtocolHandler ["http-nio-8008"]
2021-02-22 17:24:09,106 INFO org.springframework.boot.web.embedded.tomcat.TomcatWebServer [restartedMain] Tomcat started on port(s): 8008 (http) with context path ''
2021-02-22 17:24:09,107 INFO springfox.documentation.spring.web.plugins.DocumentationPluginsBootstrapper [restartedMain] Context refreshed
2021-02-22 17:24:09,120 INFO springfox.documentation.spring.web.plugins.DocumentationPluginsBootstrapper [restartedMain] Found 1 custom documentation plugin(s)
2021-02-22 17:24:09,168 INFO springfox.documentation.spring.web.scanners.ApiListingReferenceScanner [restartedMain] Scanning for api listing references
2021-02-22 17:24:09,315 INFO springfox.documentation.spring.web.readers.operation.CachingOperationNameGenerator [restartedMain] Generating unique operation named: addCategoryUsingPOST_1
2021-02-22 17:24:09,393 INFO springfox.documentation.spring.web.readers.operation.CachingOperationNameGenerator [restartedMain] Generating unique operation named: getAllProductsUsingGET_1
2021-02-22 17:24:09,405 INFO springfox.documentation.spring.web.readers.operation.CachingOperationNameGenerator [restartedMain] Generating unique operation named: getProductUsingGET_1
2021-02-22 17:24:09,455 INFO org.springframework.data.repository.config.DeferredRepositoryInitializationListener [restartedMain] Triggering deferred initialization of Spring Data repositories…
2021-02-22 17:24:09,602 INFO org.hibernate.engine.transaction.jta.platform.internal.JtaPlatformInitiator [task-1] HHH000490: Using JtaPlatform implementation: [org.hibernate.engine.transaction.jta.platform.internal.NoJtaPlatform]
2021-02-22 17:24:09,607 INFO org.springframework.orm.jpa.AbstractEntityManagerFactoryBean [task-1] Initialized JPA EntityManagerFactory for persistence unit 'default'
2021-02-22 17:24:09,862 INFO org.springframework.data.repository.config.DeferredRepositoryInitializationListener [restartedMain] Spring Data repositories initialized!
2021-02-22 17:24:09,870 INFO org.springframework.boot.StartupInfoLogger [restartedMain] Started AppApplication in 3.07 seconds (JVM running for 3.669)
2021-02-22 17:26:29,665 INFO org.springframework.boot.StartupInfoLogger [restartedMain] Starting AppApplication using Java 15.0.2 on DESKTOP-VNA7EOH with PID 14180 (C:\Users\abola\IdeaProjects\Diploma\target\classes started by abola in C:\Users\abola\IdeaProjects\Diploma)
2021-02-22 17:26:29,667 INFO org.springframework.boot.SpringApplication [restartedMain] No active profile set, falling back to default profiles: default
2021-02-22 17:26:29,699 INFO org.springframework.boot.logging.DeferredLog [restartedMain] The Class-Path manifest attribute in C:\Users\abola\.m2\repository\io\grpc\grpc-netty-shaded\1.30.0\grpc-netty-shaded-1.30.0.jar referenced one or more files that do not exist: file:/C:/Users/abola/.m2/repository/io/grpc/grpc-netty-shaded/1.30.0/grpc-core-1.30.0.jar,file:/C:/Users/abola/.m2/repository/io/grpc/grpc-netty-shaded/1.30.0/grpc-api-1.30.0.jar,file:/C:/Users/abola/.m2/repository/io/grpc/grpc-netty-shaded/1.30.0/gson-2.8.6.jar,file:/C:/Users/abola/.m2/repository/io/grpc/grpc-netty-shaded/1.30.0/annotations-4.1.1.4.jar,file:/C:/Users/abola/.m2/repository/io/grpc/grpc-netty-shaded/1.30.0/animal-sniffer-annotations-1.18.jar,file:/C:/Users/abola/.m2/repository/io/grpc/grpc-netty-shaded/1.30.0/error_prone_annotations-2.3.4.jar,file:/C:/Users/abola/.m2/repository/io/grpc/grpc-netty-shaded/1.30.0/guava-28.2-android.jar,file:/C:/Users/abola/.m2/repository/io/grpc/grpc-netty-shaded/1.30.0/perfmark-api-0.19.0.jar,file:/C:/Users/abola/.m2/repository/io/grpc/grpc-netty-shaded/1.30.0/jsr305-3.0.2.jar,file:/C:/Users/abola/.m2/repository/io/grpc/grpc-netty-shaded/1.30.0/grpc-context-1.30.0.jar,file:/C:/Users/abola/.m2/repository/io/grpc/grpc-netty-shaded/1.30.0/failureaccess-1.0.1.jar,file:/C:/Users/abola/.m2/repository/io/grpc/grpc-netty-shaded/1.30.0/listenablefuture-9999.0-empty-to-avoid-conflict-with-guava.jar,file:/C:/Users/abola/.m2/repository/io/grpc/grpc-netty-shaded/1.30.0/checker-compat-qual-2.5.5.jar,file:/C:/Users/abola/.m2/repository/io/grpc/grpc-netty-shaded/1.30.0/j2objc-annotations-1.3.jar
2021-02-22 17:26:29,700 INFO org.springframework.boot.logging.DeferredLog [restartedMain] The Class-Path manifest attribute in C:\Users\abola\.m2\repository\io\grpc\grpc-alts\1.30.0\grpc-alts-1.30.0.jar referenced one or more files that do not exist: file:/C:/Users/abola/.m2/repository/io/grpc/grpc-alts/1.30.0/grpc-auth-1.30.0.jar,file:/C:/Users/abola/.m2/repository/io/grpc/grpc-alts/1.30.0/grpc-grpclb-1.30.0.jar,file:/C:/Users/abola/.m2/repository/io/grpc/grpc-alts/1.30.0/grpc-protobuf-1.30.0.jar,file:/C:/Users/abola/.m2/repository/io/grpc/grpc-alts/1.30.0/grpc-stub-1.30.0.jar,file:/C:/Users/abola/.m2/repository/io/grpc/grpc-alts/1.30.0/commons-lang3-3.5.jar,file:/C:/Users/abola/.m2/repository/io/grpc/grpc-alts/1.30.0/protobuf-java-util-3.12.0.jar,file:/C:/Users/abola/.m2/repository/io/grpc/grpc-alts/1.30.0/protobuf-java-3.12.0.jar,file:/C:/Users/abola/.m2/repository/io/grpc/grpc-alts/1.30.0/conscrypt-openjdk-uber-2.2.1.jar,file:/C:/Users/abola/.m2/repository/io/grpc/grpc-alts/1.30.0/google-auth-library-oauth2-http-0.20.0.jar,file:/C:/Users/abola/.m2/repository/io/grpc/grpc-alts/1.30.0/grpc-netty-shaded-1.30.0.jar,file:/C:/Users/abola/.m2/repository/io/grpc/grpc-alts/1.30.0/grpc-core-1.30.0.jar,file:/C:/Users/abola/.m2/repository/io/grpc/grpc-alts/1.30.0/grpc-protobuf-lite-1.30.0.jar,file:/C:/Users/abola/.m2/repository/io/grpc/grpc-alts/1.30.0/grpc-api-1.30.0.jar,file:/C:/Users/abola/.m2/repository/io/grpc/grpc-alts/1.30.0/guava-28.2-android.jar,file:/C:/Users/abola/.m2/repository/io/grpc/grpc-alts/1.30.0/error_prone_annotations-2.3.4.jar,file:/C:/Users/abola/.m2/repository/io/grpc/grpc-alts/1.30.0/google-auth-library-credentials-0.20.0.jar,file:/C:/Users/abola/.m2/repository/io/grpc/grpc-alts/1.30.0/animal-sniffer-annotations-1.18.jar,file:/C:/Users/abola/.m2/repository/io/grpc/grpc-alts/1.30.0/google-http-client-jackson2-1.34.0.jar,file:/C:/Users/abola/.m2/repository/io/grpc/grpc-alts/1.30.0/google-http-client-1.34.0.jar,file:/C:/Users/abola/.m2/repository/io/grpc/grpc-alts/1.30.0/perfmark-api-0.19.0.jar,file:/C:/Users/abola/.m2/repository/io/grpc/grpc-alts/1.30.0/jsr305-3.0.2.jar,file:/C:/Users/abola/.m2/repository/io/grpc/grpc-alts/1.30.0/proto-google-common-protos-1.17.0.jar,file:/C:/Users/abola/.m2/repository/io/grpc/grpc-alts/1.30.0/auto-value-annotations-1.7.jar,file:/C:/Users/abola/.m2/repository/io/grpc/grpc-alts/1.30.0/failureaccess-1.0.1.jar,file:/C:/Users/abola/.m2/repository/io/grpc/grpc-alts/1.30.0/listenablefuture-9999.0-empty-to-avoid-conflict-with-guava.jar,file:/C:/Users/abola/.m2/repository/io/grpc/grpc-alts/1.30.0/checker-compat-qual-2.5.5.jar,file:/C:/Users/abola/.m2/repository/io/grpc/grpc-alts/1.30.0/j2objc-annotations-1.3.jar,file:/C:/Users/abola/.m2/repository/io/grpc/grpc-alts/1.30.0/grpc-context-1.30.0.jar,file:/C:/Users/abola/.m2/repository/io/grpc/grpc-alts/1.30.0/gson-2.8.6.jar,file:/C:/Users/abola/.m2/repository/io/grpc/grpc-alts/1.30.0/annotations-4.1.1.4.jar,file:/C:/Users/abola/.m2/repository/io/grpc/grpc-alts/1.30.0/httpclient-4.5.10.jar,file:/C:/Users/abola/.m2/repository/io/grpc/grpc-alts/1.30.0/httpcore-4.4.12.jar,file:/C:/Users/abola/.m2/repository/io/grpc/grpc-alts/1.30.0/opencensus-contrib-http-util-0.24.0.jar,file:/C:/Users/abola/.m2/repository/io/grpc/grpc-alts/1.30.0/opencensus-api-0.24.0.jar,file:/C:/Users/abola/.m2/repository/io/grpc/grpc-alts/1.30.0/jackson-core-2.10.1.jar,file:/C:/Users/abola/.m2/repository/io/grpc/grpc-alts/1.30.0/commons-logging-1.2.jar,file:/C:/Users/abola/.m2/repository/io/grpc/grpc-alts/1.30.0/commons-codec-1.11.jar
2021-02-22 17:26:29,700 INFO org.springframework.boot.logging.DeferredLog [restartedMain] Devtools property defaults active! Set 'spring.devtools.add-properties' to 'false' to disable
2021-02-22 17:26:29,700 INFO org.springframework.boot.logging.DeferredLog [restartedMain] For additional web related logging consider setting the 'logging.level.web' property to 'DEBUG'
2021-02-22 17:26:29,714 WARN org.springframework.core.log.CompositeLog [background-preinit] For Jackson Kotlin classes support please add "com.fasterxml.jackson.module:jackson-module-kotlin" to the classpath
2021-02-22 17:26:30,519 INFO org.springframework.data.repository.config.RepositoryConfigurationDelegate [restartedMain] Bootstrapping Spring Data JPA repositories in DEFERRED mode.
2021-02-22 17:26:30,577 INFO org.springframework.data.repository.config.RepositoryConfigurationDelegate [restartedMain] Finished Spring Data repository scanning in 52 ms. Found 8 JPA repository interfaces.
2021-02-22 17:26:30,947 INFO org.springframework.boot.web.embedded.tomcat.TomcatWebServer [restartedMain] Tomcat initialized with port(s): 8008 (http)
2021-02-22 17:26:30,952 INFO org.apache.juli.logging.DirectJDKLog [restartedMain] Initializing ProtocolHandler ["http-nio-8008"]
2021-02-22 17:26:30,952 INFO org.apache.juli.logging.DirectJDKLog [restartedMain] Starting service [Tomcat]
2021-02-22 17:26:30,953 INFO org.apache.juli.logging.DirectJDKLog [restartedMain] Starting Servlet engine: [Apache Tomcat/9.0.39]
2021-02-22 17:26:31,023 INFO org.apache.juli.logging.DirectJDKLog [restartedMain] Initializing Spring embedded WebApplicationContext
2021-02-22 17:26:31,023 INFO org.springframework.boot.web.servlet.context.ServletWebServerApplicationContext [restartedMain] Root WebApplicationContext: initialization completed in 1322 ms
2021-02-22 17:26:31,114 INFO org.springframework.scheduling.concurrent.ExecutorConfigurationSupport [restartedMain] Initializing ExecutorService 'applicationTaskExecutor'
2021-02-22 17:26:31,140 INFO org.hibernate.jpa.internal.util.LogHelper [task-1] HHH000204: Processing PersistenceUnitInfo [name: default]
2021-02-22 17:26:31,168 INFO org.hibernate.Version [task-1] HHH000412: Hibernate ORM core version 5.4.23.Final
2021-02-22 17:26:31,171 WARN org.springframework.boot.autoconfigure.orm.jpa.JpaBaseConfiguration$JpaWebConfiguration [restartedMain] spring.jpa.open-in-view is enabled by default. Therefore, database queries may be performed during view rendering. Explicitly configure spring.jpa.open-in-view to disable this warning
2021-02-22 17:26:31,235 INFO org.hibernate.annotations.common.reflection.java.JavaReflectionManager [task-1] HCANN000001: Hibernate Commons Annotations {5.1.2.Final}
2021-02-22 17:26:31,299 INFO com.zaxxer.hikari.HikariDataSource [task-1] HikariPool-1 - Starting...
2021-02-22 17:26:31,404 INFO springfox.documentation.spring.web.PropertySourcedRequestMappingHandlerMapping [restartedMain] Mapped URL path [/v2/api-docs] onto method [springfox.documentation.swagger2.web.Swagger2Controller#getDocumentation(String, HttpServletRequest)]
2021-02-22 17:26:31,411 INFO com.zaxxer.hikari.HikariDataSource [task-1] HikariPool-1 - Start completed.
2021-02-22 17:26:31,424 INFO org.hibernate.dialect.Dialect [task-1] HHH000400: Using dialect: org.hibernate.dialect.PostgreSQL10Dialect
2021-02-22 17:26:31,495 INFO org.springframework.boot.devtools.autoconfigure.OptionalLiveReloadServer [restartedMain] LiveReload server is running on port 35729
2021-02-22 17:26:31,697 INFO org.springframework.security.web.DefaultSecurityFilterChain [restartedMain] Will secure any request with [org.springframework.security.web.context.request.async.WebAsyncManagerIntegrationFilter@37159882, org.springframework.security.web.context.SecurityContextPersistenceFilter@1ecbcf41, org.springframework.security.web.header.HeaderWriterFilter@1c1ec020, org.springframework.security.web.authentication.logout.LogoutFilter@22c2c35b, com.diploma.app.security.jwt.JwtTokenFilter@43774183, org.springframework.security.web.savedrequest.RequestCacheAwareFilter@9840244, org.springframework.security.web.servletapi.SecurityContextHolderAwareRequestFilter@7b3e8403, org.springframework.security.web.authentication.AnonymousAuthenticationFilter@1e15c713, org.springframework.security.web.session.SessionManagementFilter@3b5ad769, org.springframework.security.web.access.ExceptionTranslationFilter@1cfcbb44, org.springframework.security.web.access.intercept.FilterSecurityInterceptor@668b4c37]
2021-02-22 17:26:31,755 INFO org.apache.juli.logging.DirectJDKLog [restartedMain] Starting ProtocolHandler ["http-nio-8008"]
2021-02-22 17:26:31,770 INFO org.springframework.boot.web.embedded.tomcat.TomcatWebServer [restartedMain] Tomcat started on port(s): 8008 (http) with context path ''
2021-02-22 17:26:31,771 INFO springfox.documentation.spring.web.plugins.DocumentationPluginsBootstrapper [restartedMain] Context refreshed
2021-02-22 17:26:31,783 INFO springfox.documentation.spring.web.plugins.DocumentationPluginsBootstrapper [restartedMain] Found 1 custom documentation plugin(s)
2021-02-22 17:26:31,823 INFO springfox.documentation.spring.web.scanners.ApiListingReferenceScanner [restartedMain] Scanning for api listing references
2021-02-22 17:26:31,972 INFO springfox.documentation.spring.web.readers.operation.CachingOperationNameGenerator [restartedMain] Generating unique operation named: addCategoryUsingPOST_1
2021-02-22 17:26:32,027 INFO springfox.documentation.spring.web.readers.operation.CachingOperationNameGenerator [restartedMain] Generating unique operation named: getAllProductsUsingGET_1
2021-02-22 17:26:32,034 INFO springfox.documentation.spring.web.readers.operation.CachingOperationNameGenerator [restartedMain] Generating unique operation named: getProductUsingGET_1
2021-02-22 17:26:32,076 INFO org.springframework.data.repository.config.DeferredRepositoryInitializationListener [restartedMain] Triggering deferred initialization of Spring Data repositories…
2021-02-22 17:26:32,279 INFO org.hibernate.engine.transaction.jta.platform.internal.JtaPlatformInitiator [task-1] HHH000490: Using JtaPlatform implementation: [org.hibernate.engine.transaction.jta.platform.internal.NoJtaPlatform]
2021-02-22 17:26:32,284 INFO org.springframework.orm.jpa.AbstractEntityManagerFactoryBean [task-1] Initialized JPA EntityManagerFactory for persistence unit 'default'
2021-02-22 17:26:32,506 INFO org.springframework.data.repository.config.DeferredRepositoryInitializationListener [restartedMain] Spring Data repositories initialized!
2021-02-22 17:26:32,513 INFO org.springframework.boot.StartupInfoLogger [restartedMain] Started AppApplication in 3.142 seconds (JVM running for 3.777)
2021-02-22 17:27:28,713 INFO org.apache.juli.logging.DirectJDKLog [http-nio-8008-exec-1] Initializing Spring DispatcherServlet 'dispatcherServlet'
2021-02-22 17:27:28,714 INFO org.springframework.web.servlet.FrameworkServlet [http-nio-8008-exec-1] Initializing Servlet 'dispatcherServlet'
2021-02-22 17:27:28,715 INFO org.springframework.web.servlet.FrameworkServlet [http-nio-8008-exec-1] Completed initialization in 1 ms
2021-02-22 17:29:03,756 WARN org.springframework.web.servlet.handler.AbstractHandlerExceptionResolver [http-nio-8008-exec-4] Resolved [org.springframework.http.converter.HttpMessageNotReadableException: JSON parse error: Unrecognized token 'admin': was expecting (JSON String, Number, Array, Object or token 'null', 'true' or 'false'); nested exception is com.fasterxml.jackson.core.JsonParseException: Unrecognized token 'admin': was expecting (JSON String, Number, Array, Object or token 'null', 'true' or 'false')
 at [Source: (PushbackInputStream); line: 2, column: 21]]
2021-02-22 17:34:52,234 WARN org.springframework.web.servlet.handler.AbstractHandlerExceptionResolver [http-nio-8008-exec-6] Resolved [org.springframework.web.HttpMediaTypeNotSupportedException: Invalid mime type "Supermarket object": does not contain '/']
2021-02-22 17:35:03,328 WARN org.springframework.web.servlet.handler.AbstractHandlerExceptionResolver [http-nio-8008-exec-8] Resolved [org.springframework.web.HttpMediaTypeNotSupportedException: Invalid mime type "Supermarket object": does not contain '/']
2021-02-22 17:35:04,894 WARN org.springframework.web.servlet.handler.AbstractHandlerExceptionResolver [http-nio-8008-exec-9] Resolved [org.springframework.web.HttpMediaTypeNotSupportedException: Invalid mime type "Supermarket object": does not contain '/']
2021-02-22 17:35:42,580 WARN org.springframework.web.servlet.handler.AbstractHandlerExceptionResolver [http-nio-8008-exec-2] Resolved [org.springframework.web.HttpMediaTypeNotSupportedException: Invalid mime type "Supermarket object": does not contain '/']
