2020-12-02 23:23:08,007 INFO org.springframework.boot.StartupInfoLogger [restartedMain] Starting AppApplication using Java 15.0.1 on DESKTOP-VNA7EOH with PID 10100 (C:\Users\abola\IdeaProjects\project\target\classes started by abola in C:\Users\abola\IdeaProjects\project)
2020-12-02 23:23:08,013 INFO org.springframework.boot.SpringApplication [restartedMain] No active profile set, falling back to default profiles: default
2020-12-02 23:23:08,062 INFO org.springframework.boot.logging.DeferredLog [restartedMain] The Class-Path manifest attribute in C:\Users\abola\.m2\repository\io\grpc\grpc-netty-shaded\1.13.1\grpc-netty-shaded-1.13.1.jar referenced one or more files that do not exist: file:/C:/Users/abola/.m2/repository/io/grpc/grpc-netty-shaded/1.13.1/grpc-core-1.13.1.jar,file:/C:/Users/abola/.m2/repository/io/grpc/grpc-netty-shaded/1.13.1/grpc-context-1.13.1.jar,file:/C:/Users/abola/.m2/repository/io/grpc/grpc-netty-shaded/1.13.1/gson-2.7.jar,file:/C:/Users/abola/.m2/repository/io/grpc/grpc-netty-shaded/1.13.1/guava-20.0.jar,file:/C:/Users/abola/.m2/repository/io/grpc/grpc-netty-shaded/1.13.1/error_prone_annotations-2.1.2.jar,file:/C:/Users/abola/.m2/repository/io/grpc/grpc-netty-shaded/1.13.1/jsr305-3.0.0.jar,file:/C:/Users/abola/.m2/repository/io/grpc/grpc-netty-shaded/1.13.1/opencensus-contrib-grpc-metrics-0.12.3.jar,file:/C:/Users/abola/.m2/repository/io/grpc/grpc-netty-shaded/1.13.1/opencensus-api-0.12.3.jar
2020-12-02 23:23:08,062 INFO org.springframework.boot.logging.DeferredLog [restartedMain] Devtools property defaults active! Set 'spring.devtools.add-properties' to 'false' to disable
2020-12-02 23:23:08,072 INFO org.springframework.boot.logging.DeferredLog [restartedMain] For additional web related logging consider setting the 'logging.level.web' property to 'DEBUG'
2020-12-02 23:23:08,912 INFO org.springframework.data.repository.config.RepositoryConfigurationDelegate [restartedMain] Bootstrapping Spring Data JPA repositories in DEFERRED mode.
2020-12-02 23:23:08,982 INFO org.springframework.data.repository.config.RepositoryConfigurationDelegate [restartedMain] Finished Spring Data repository scanning in 67 ms. Found 7 JPA repository interfaces.
2020-12-02 23:23:09,482 INFO org.springframework.boot.web.embedded.tomcat.TomcatWebServer [restartedMain] Tomcat initialized with port(s): 8008 (http)
2020-12-02 23:23:09,492 INFO org.apache.juli.logging.DirectJDKLog [restartedMain] Initializing ProtocolHandler ["http-nio-8008"]
2020-12-02 23:23:09,492 INFO org.apache.juli.logging.DirectJDKLog [restartedMain] Starting service [Tomcat]
2020-12-02 23:23:09,494 INFO org.apache.juli.logging.DirectJDKLog [restartedMain] Starting Servlet engine: [Apache Tomcat/9.0.39]
2020-12-02 23:23:09,582 INFO org.apache.juli.logging.DirectJDKLog [restartedMain] Initializing Spring embedded WebApplicationContext
2020-12-02 23:23:09,582 INFO org.springframework.boot.web.servlet.context.ServletWebServerApplicationContext [restartedMain] Root WebApplicationContext: initialization completed in 1509 ms
2020-12-02 23:23:09,742 INFO org.springframework.scheduling.concurrent.ExecutorConfigurationSupport [restartedMain] Initializing ExecutorService 'applicationTaskExecutor'
2020-12-02 23:23:09,777 INFO org.hibernate.jpa.internal.util.LogHelper [task-1] HHH000204: Processing PersistenceUnitInfo [name: default]
2020-12-02 23:23:09,812 INFO org.hibernate.Version [task-1] HHH000412: Hibernate ORM core version 5.4.23.Final
2020-12-02 23:23:09,822 WARN org.springframework.boot.autoconfigure.orm.jpa.JpaBaseConfiguration$JpaWebConfiguration [restartedMain] spring.jpa.open-in-view is enabled by default. Therefore, database queries may be performed during view rendering. Explicitly configure spring.jpa.open-in-view to disable this warning
2020-12-02 23:23:09,922 INFO org.hibernate.annotations.common.reflection.java.JavaReflectionManager [task-1] HCANN000001: Hibernate Commons Annotations {5.1.2.Final}
2020-12-02 23:23:10,002 INFO com.zaxxer.hikari.HikariDataSource [task-1] HikariPool-1 - Starting...
2020-12-02 23:23:10,162 INFO com.zaxxer.hikari.HikariDataSource [task-1] HikariPool-1 - Start completed.
2020-12-02 23:23:10,172 INFO springfox.documentation.spring.web.PropertySourcedRequestMappingHandlerMapping [restartedMain] Mapped URL path [/v2/api-docs] onto method [springfox.documentation.swagger2.web.Swagger2Controller#getDocumentation(String, HttpServletRequest)]
2020-12-02 23:23:10,180 INFO org.hibernate.dialect.Dialect [task-1] HHH000400: Using dialect: org.hibernate.dialect.PostgreSQL10Dialect
2020-12-02 23:23:10,287 INFO org.springframework.boot.devtools.autoconfigure.OptionalLiveReloadServer [restartedMain] LiveReload server is running on port 35729
2020-12-02 23:23:10,534 INFO org.springframework.security.web.DefaultSecurityFilterChain [restartedMain] Will secure any request with [org.springframework.security.web.context.request.async.WebAsyncManagerIntegrationFilter@359387cb, org.springframework.security.web.context.SecurityContextPersistenceFilter@412a789e, org.springframework.security.web.header.HeaderWriterFilter@3795aa89, org.springframework.security.web.authentication.logout.LogoutFilter@259b3393, com.diploma.app.security.jwt.JwtTokenFilter@338e859c, org.springframework.security.web.savedrequest.RequestCacheAwareFilter@6d40cb2d, org.springframework.security.web.servletapi.SecurityContextHolderAwareRequestFilter@1723509c, org.springframework.security.web.authentication.AnonymousAuthenticationFilter@57237566, org.springframework.security.web.session.SessionManagementFilter@470b663, org.springframework.security.web.access.ExceptionTranslationFilter@6f589736, org.springframework.security.web.access.intercept.FilterSecurityInterceptor@68ebd0c0]
2020-12-02 23:23:10,596 INFO org.apache.juli.logging.DirectJDKLog [restartedMain] Starting ProtocolHandler ["http-nio-8008"]
2020-12-02 23:23:10,612 INFO org.springframework.boot.web.embedded.tomcat.TomcatWebServer [restartedMain] Tomcat started on port(s): 8008 (http) with context path ''
2020-12-02 23:23:10,612 INFO springfox.documentation.spring.web.plugins.DocumentationPluginsBootstrapper [restartedMain] Context refreshed
2020-12-02 23:23:10,636 INFO springfox.documentation.spring.web.plugins.DocumentationPluginsBootstrapper [restartedMain] Found 1 custom documentation plugin(s)
2020-12-02 23:23:10,684 INFO springfox.documentation.spring.web.scanners.ApiListingReferenceScanner [restartedMain] Scanning for api listing references
2020-12-02 23:23:10,939 INFO springfox.documentation.spring.web.readers.operation.CachingOperationNameGenerator [restartedMain] Generating unique operation named: getAllProductsUsingGET_1
2020-12-02 23:23:10,939 INFO springfox.documentation.spring.web.readers.operation.CachingOperationNameGenerator [restartedMain] Generating unique operation named: getProductUsingGET_1
2020-12-02 23:23:10,996 INFO org.springframework.data.repository.config.DeferredRepositoryInitializationListener [restartedMain] Triggering deferred initialization of Spring Data repositories…
2020-12-02 23:23:11,156 INFO org.hibernate.engine.transaction.jta.platform.internal.JtaPlatformInitiator [task-1] HHH000490: Using JtaPlatform implementation: [org.hibernate.engine.transaction.jta.platform.internal.NoJtaPlatform]
2020-12-02 23:23:11,156 INFO org.springframework.orm.jpa.AbstractEntityManagerFactoryBean [task-1] Initialized JPA EntityManagerFactory for persistence unit 'default'
2020-12-02 23:23:11,458 INFO org.springframework.data.repository.config.DeferredRepositoryInitializationListener [restartedMain] Spring Data repositories initialized!
2020-12-02 23:23:11,474 INFO org.springframework.boot.StartupInfoLogger [restartedMain] Started AppApplication in 3.91 seconds (JVM running for 5.154)
2020-12-02 23:25:17,647 INFO org.apache.juli.logging.DirectJDKLog [http-nio-8008-exec-1] Initializing Spring DispatcherServlet 'dispatcherServlet'
2020-12-02 23:25:17,647 INFO org.springframework.web.servlet.FrameworkServlet [http-nio-8008-exec-1] Initializing Servlet 'dispatcherServlet'
2020-12-02 23:25:17,648 INFO org.springframework.web.servlet.FrameworkServlet [http-nio-8008-exec-1] Completed initialization in 1 ms
2020-12-02 23:25:17,692 ERROR org.apache.juli.logging.DirectJDKLog [http-nio-8008-exec-1] Servlet.service() for servlet [dispatcherServlet] in context with path [] threw exception [Request processing failed; nested exception is java.lang.IllegalStateException: FirebaseApp with name [DEFAULT] doesn't exist. ] with root cause
java.lang.IllegalStateException: FirebaseApp with name [DEFAULT] doesn't exist. 
	at com.google.firebase.FirebaseApp.getInstance(FirebaseApp.java:164)
	at com.google.firebase.FirebaseApp.getInstance(FirebaseApp.java:135)
	at com.google.firebase.messaging.FirebaseMessaging.getInstance(FirebaseMessaging.java:119)
	at com.diploma.app.firebase.FirebaseService.sendPersonal(FirebaseService.java:44)
	at com.diploma.app.controller.firebase.FirebaseController.sendSampleMessage(FirebaseController.java:33)
	at java.base/jdk.internal.reflect.NativeMethodAccessorImpl.invoke0(Native Method)
	at java.base/jdk.internal.reflect.NativeMethodAccessorImpl.invoke(NativeMethodAccessorImpl.java:64)
	at java.base/jdk.internal.reflect.DelegatingMethodAccessorImpl.invoke(DelegatingMethodAccessorImpl.java:43)
	at java.base/java.lang.reflect.Method.invoke(Method.java:564)
	at org.springframework.web.method.support.InvocableHandlerMethod.doInvoke(InvocableHandlerMethod.java:197)
	at org.springframework.web.method.support.InvocableHandlerMethod.invokeForRequest(InvocableHandlerMethod.java:141)
	at org.springframework.web.servlet.mvc.method.annotation.ServletInvocableHandlerMethod.invokeAndHandle(ServletInvocableHandlerMethod.java:106)
	at org.springframework.web.servlet.mvc.method.annotation.RequestMappingHandlerAdapter.invokeHandlerMethod(RequestMappingHandlerAdapter.java:893)
	at org.springframework.web.servlet.mvc.method.annotation.RequestMappingHandlerAdapter.handleInternal(RequestMappingHandlerAdapter.java:807)
	at org.springframework.web.servlet.mvc.method.AbstractHandlerMethodAdapter.handle(AbstractHandlerMethodAdapter.java:87)
	at org.springframework.web.servlet.DispatcherServlet.doDispatch(DispatcherServlet.java:1061)
	at org.springframework.web.servlet.DispatcherServlet.doService(DispatcherServlet.java:961)
	at org.springframework.web.servlet.FrameworkServlet.processRequest(FrameworkServlet.java:1006)
	at org.springframework.web.servlet.FrameworkServlet.doGet(FrameworkServlet.java:898)
	at javax.servlet.http.HttpServlet.service(HttpServlet.java:626)
	at org.springframework.web.servlet.FrameworkServlet.service(FrameworkServlet.java:883)
	at javax.servlet.http.HttpServlet.service(HttpServlet.java:733)
	at org.apache.catalina.core.ApplicationFilterChain.internalDoFilter(ApplicationFilterChain.java:231)
	at org.apache.catalina.core.ApplicationFilterChain.doFilter(ApplicationFilterChain.java:166)
	at org.apache.tomcat.websocket.server.WsFilter.doFilter(WsFilter.java:53)
	at org.apache.catalina.core.ApplicationFilterChain.internalDoFilter(ApplicationFilterChain.java:193)
	at org.apache.catalina.core.ApplicationFilterChain.doFilter(ApplicationFilterChain.java:166)
	at com.diploma.app.security.jwt.JwtTokenFilter.doFilter(JwtTokenFilter.java:38)
	at org.apache.catalina.core.ApplicationFilterChain.internalDoFilter(ApplicationFilterChain.java:193)
	at org.apache.catalina.core.ApplicationFilterChain.doFilter(ApplicationFilterChain.java:166)
	at org.springframework.security.web.FilterChainProxy$VirtualFilterChain.doFilter(FilterChainProxy.java:327)
	at org.springframework.security.web.access.intercept.FilterSecurityInterceptor.invoke(FilterSecurityInterceptor.java:115)
	at org.springframework.security.web.access.intercept.FilterSecurityInterceptor.doFilter(FilterSecurityInterceptor.java:81)
	at org.springframework.security.web.FilterChainProxy$VirtualFilterChain.doFilter(FilterChainProxy.java:336)
	at org.springframework.security.web.access.ExceptionTranslationFilter.doFilter(ExceptionTranslationFilter.java:119)
	at org.springframework.security.web.access.ExceptionTranslationFilter.doFilter(ExceptionTranslationFilter.java:113)
	at org.springframework.security.web.FilterChainProxy$VirtualFilterChain.doFilter(FilterChainProxy.java:336)
	at org.springframework.security.web.session.SessionManagementFilter.doFilter(SessionManagementFilter.java:126)
	at org.springframework.security.web.session.SessionManagementFilter.doFilter(SessionManagementFilter.java:81)
	at org.springframework.security.web.FilterChainProxy$VirtualFilterChain.doFilter(FilterChainProxy.java:336)
	at org.springframework.security.web.authentication.AnonymousAuthenticationFilter.doFilter(AnonymousAuthenticationFilter.java:105)
	at org.springframework.security.web.FilterChainProxy$VirtualFilterChain.doFilter(FilterChainProxy.java:336)
	at org.springframework.security.web.servletapi.SecurityContextHolderAwareRequestFilter.doFilter(SecurityContextHolderAwareRequestFilter.java:149)
	at org.springframework.security.web.FilterChainProxy$VirtualFilterChain.doFilter(FilterChainProxy.java:336)
	at org.springframework.security.web.savedrequest.RequestCacheAwareFilter.doFilter(RequestCacheAwareFilter.java:63)
	at org.springframework.security.web.FilterChainProxy$VirtualFilterChain.doFilter(FilterChainProxy.java:336)
	at com.diploma.app.security.jwt.JwtTokenFilter.doFilter(JwtTokenFilter.java:38)
	at org.springframework.security.web.FilterChainProxy$VirtualFilterChain.doFilter(FilterChainProxy.java:336)
	at org.springframework.security.web.authentication.logout.LogoutFilter.doFilter(LogoutFilter.java:103)
	at org.springframework.security.web.authentication.logout.LogoutFilter.doFilter(LogoutFilter.java:89)
	at org.springframework.security.web.FilterChainProxy$VirtualFilterChain.doFilter(FilterChainProxy.java:336)
	at org.springframework.security.web.header.HeaderWriterFilter.doHeadersAfter(HeaderWriterFilter.java:90)
	at org.springframework.security.web.header.HeaderWriterFilter.doFilterInternal(HeaderWriterFilter.java:75)
	at org.springframework.web.filter.OncePerRequestFilter.doFilter(OncePerRequestFilter.java:119)
	at org.springframework.security.web.FilterChainProxy$VirtualFilterChain.doFilter(FilterChainProxy.java:336)
	at org.springframework.security.web.context.SecurityContextPersistenceFilter.doFilter(SecurityContextPersistenceFilter.java:110)
	at org.springframework.security.web.context.SecurityContextPersistenceFilter.doFilter(SecurityContextPersistenceFilter.java:80)
	at org.springframework.security.web.FilterChainProxy$VirtualFilterChain.doFilter(FilterChainProxy.java:336)
	at org.springframework.security.web.context.request.async.WebAsyncManagerIntegrationFilter.doFilterInternal(WebAsyncManagerIntegrationFilter.java:55)
	at org.springframework.web.filter.OncePerRequestFilter.doFilter(OncePerRequestFilter.java:119)
	at org.springframework.security.web.FilterChainProxy$VirtualFilterChain.doFilter(FilterChainProxy.java:336)
	at org.springframework.security.web.FilterChainProxy.doFilterInternal(FilterChainProxy.java:211)
	at org.springframework.security.web.FilterChainProxy.doFilter(FilterChainProxy.java:183)
	at org.springframework.web.filter.DelegatingFilterProxy.invokeDelegate(DelegatingFilterProxy.java:358)
	at org.springframework.web.filter.DelegatingFilterProxy.doFilter(DelegatingFilterProxy.java:271)
	at org.apache.catalina.core.ApplicationFilterChain.internalDoFilter(ApplicationFilterChain.java:193)
	at org.apache.catalina.core.ApplicationFilterChain.doFilter(ApplicationFilterChain.java:166)
	at org.springframework.web.filter.RequestContextFilter.doFilterInternal(RequestContextFilter.java:100)
	at org.springframework.web.filter.OncePerRequestFilter.doFilter(OncePerRequestFilter.java:119)
	at org.apache.catalina.core.ApplicationFilterChain.internalDoFilter(ApplicationFilterChain.java:193)
	at org.apache.catalina.core.ApplicationFilterChain.doFilter(ApplicationFilterChain.java:166)
	at org.springframework.web.filter.FormContentFilter.doFilterInternal(FormContentFilter.java:93)
	at org.springframework.web.filter.OncePerRequestFilter.doFilter(OncePerRequestFilter.java:119)
	at org.apache.catalina.core.ApplicationFilterChain.internalDoFilter(ApplicationFilterChain.java:193)
	at org.apache.catalina.core.ApplicationFilterChain.doFilter(ApplicationFilterChain.java:166)
	at org.springframework.web.filter.CharacterEncodingFilter.doFilterInternal(CharacterEncodingFilter.java:201)
	at org.springframework.web.filter.OncePerRequestFilter.doFilter(OncePerRequestFilter.java:119)
	at org.apache.catalina.core.ApplicationFilterChain.internalDoFilter(ApplicationFilterChain.java:193)
	at org.apache.catalina.core.ApplicationFilterChain.doFilter(ApplicationFilterChain.java:166)
	at org.apache.catalina.core.StandardWrapperValve.invoke(StandardWrapperValve.java:202)
	at org.apache.catalina.core.StandardContextValve.invoke(StandardContextValve.java:97)
	at org.apache.catalina.authenticator.AuthenticatorBase.invoke(AuthenticatorBase.java:542)
	at org.apache.catalina.core.StandardHostValve.invoke(StandardHostValve.java:143)
	at org.apache.catalina.valves.ErrorReportValve.invoke(ErrorReportValve.java:92)
	at org.apache.catalina.core.StandardEngineValve.invoke(StandardEngineValve.java:78)
	at org.apache.catalina.connector.CoyoteAdapter.service(CoyoteAdapter.java:343)
	at org.apache.coyote.http11.Http11Processor.service(Http11Processor.java:374)
	at org.apache.coyote.AbstractProcessorLight.process(AbstractProcessorLight.java:65)
	at org.apache.coyote.AbstractProtocol$ConnectionHandler.process(AbstractProtocol.java:868)
	at org.apache.tomcat.util.net.NioEndpoint$SocketProcessor.doRun(NioEndpoint.java:1590)
	at org.apache.tomcat.util.net.SocketProcessorBase.run(SocketProcessorBase.java:49)
	at java.base/java.util.concurrent.ThreadPoolExecutor.runWorker(ThreadPoolExecutor.java:1130)
	at java.base/java.util.concurrent.ThreadPoolExecutor$Worker.run(ThreadPoolExecutor.java:630)
	at org.apache.tomcat.util.threads.TaskThread$WrappingRunnable.run(TaskThread.java:61)
	at java.base/java.lang.Thread.run(Thread.java:832)
2020-12-02 23:46:32,850 INFO org.springframework.boot.StartupInfoLogger [restartedMain] Starting AppApplication using Java 15.0.1 on DESKTOP-VNA7EOH with PID 4868 (C:\Users\abola\IdeaProjects\project\target\classes started by abola in C:\Users\abola\IdeaProjects\project)
2020-12-02 23:46:32,850 INFO org.springframework.boot.SpringApplication [restartedMain] No active profile set, falling back to default profiles: default
2020-12-02 23:46:32,887 INFO org.springframework.boot.logging.DeferredLog [restartedMain] The Class-Path manifest attribute in C:\Users\abola\.m2\repository\io\grpc\grpc-netty-shaded\1.13.1\grpc-netty-shaded-1.13.1.jar referenced one or more files that do not exist: file:/C:/Users/abola/.m2/repository/io/grpc/grpc-netty-shaded/1.13.1/grpc-core-1.13.1.jar,file:/C:/Users/abola/.m2/repository/io/grpc/grpc-netty-shaded/1.13.1/grpc-context-1.13.1.jar,file:/C:/Users/abola/.m2/repository/io/grpc/grpc-netty-shaded/1.13.1/gson-2.7.jar,file:/C:/Users/abola/.m2/repository/io/grpc/grpc-netty-shaded/1.13.1/guava-20.0.jar,file:/C:/Users/abola/.m2/repository/io/grpc/grpc-netty-shaded/1.13.1/error_prone_annotations-2.1.2.jar,file:/C:/Users/abola/.m2/repository/io/grpc/grpc-netty-shaded/1.13.1/jsr305-3.0.0.jar,file:/C:/Users/abola/.m2/repository/io/grpc/grpc-netty-shaded/1.13.1/opencensus-contrib-grpc-metrics-0.12.3.jar,file:/C:/Users/abola/.m2/repository/io/grpc/grpc-netty-shaded/1.13.1/opencensus-api-0.12.3.jar
2020-12-02 23:46:32,887 INFO org.springframework.boot.logging.DeferredLog [restartedMain] Devtools property defaults active! Set 'spring.devtools.add-properties' to 'false' to disable
2020-12-02 23:46:32,887 INFO org.springframework.boot.logging.DeferredLog [restartedMain] For additional web related logging consider setting the 'logging.level.web' property to 'DEBUG'
2020-12-02 23:46:33,443 INFO org.springframework.data.repository.config.RepositoryConfigurationDelegate [restartedMain] Bootstrapping Spring Data JPA repositories in DEFERRED mode.
2020-12-02 23:46:33,505 INFO org.springframework.data.repository.config.RepositoryConfigurationDelegate [restartedMain] Finished Spring Data repository scanning in 49 ms. Found 7 JPA repository interfaces.
2020-12-02 23:46:33,826 INFO org.springframework.boot.web.embedded.tomcat.TomcatWebServer [restartedMain] Tomcat initialized with port(s): 8008 (http)
2020-12-02 23:46:33,826 INFO org.apache.juli.logging.DirectJDKLog [restartedMain] Initializing ProtocolHandler ["http-nio-8008"]
2020-12-02 23:46:33,826 INFO org.apache.juli.logging.DirectJDKLog [restartedMain] Starting service [Tomcat]
2020-12-02 23:46:33,826 INFO org.apache.juli.logging.DirectJDKLog [restartedMain] Starting Servlet engine: [Apache Tomcat/9.0.39]
2020-12-02 23:46:33,888 INFO org.apache.juli.logging.DirectJDKLog [restartedMain] Initializing Spring embedded WebApplicationContext
2020-12-02 23:46:33,888 INFO org.springframework.boot.web.servlet.context.ServletWebServerApplicationContext [restartedMain] Root WebApplicationContext: initialization completed in 1001 ms
2020-12-02 23:46:33,982 INFO org.springframework.scheduling.concurrent.ExecutorConfigurationSupport [restartedMain] Initializing ExecutorService 'applicationTaskExecutor'
2020-12-02 23:46:34,007 INFO org.hibernate.jpa.internal.util.LogHelper [task-1] HHH000204: Processing PersistenceUnitInfo [name: default]
2020-12-02 23:46:34,038 INFO org.hibernate.Version [task-1] HHH000412: Hibernate ORM core version 5.4.23.Final
2020-12-02 23:46:34,042 WARN org.springframework.boot.autoconfigure.orm.jpa.JpaBaseConfiguration$JpaWebConfiguration [restartedMain] spring.jpa.open-in-view is enabled by default. Therefore, database queries may be performed during view rendering. Explicitly configure spring.jpa.open-in-view to disable this warning
2020-12-02 23:46:34,103 INFO org.hibernate.annotations.common.reflection.java.JavaReflectionManager [task-1] HCANN000001: Hibernate Commons Annotations {5.1.2.Final}
2020-12-02 23:46:34,167 INFO com.zaxxer.hikari.HikariDataSource [task-1] HikariPool-1 - Starting...
2020-12-02 23:46:34,278 INFO com.zaxxer.hikari.HikariDataSource [task-1] HikariPool-1 - Start completed.
2020-12-02 23:46:34,294 INFO springfox.documentation.spring.web.PropertySourcedRequestMappingHandlerMapping [restartedMain] Mapped URL path [/v2/api-docs] onto method [springfox.documentation.swagger2.web.Swagger2Controller#getDocumentation(String, HttpServletRequest)]
2020-12-02 23:46:34,299 INFO org.hibernate.dialect.Dialect [task-1] HHH000400: Using dialect: org.hibernate.dialect.PostgreSQL10Dialect
2020-12-02 23:46:34,364 INFO org.springframework.boot.devtools.autoconfigure.OptionalLiveReloadServer [restartedMain] LiveReload server is running on port 35729
2020-12-02 23:46:34,530 INFO org.springframework.security.web.DefaultSecurityFilterChain [restartedMain] Will secure any request with [org.springframework.security.web.context.request.async.WebAsyncManagerIntegrationFilter@4e0197bd, org.springframework.security.web.context.SecurityContextPersistenceFilter@1f93e4a3, org.springframework.security.web.header.HeaderWriterFilter@2bfafb9f, org.springframework.security.web.authentication.logout.LogoutFilter@6e610aa9, com.diploma.app.security.jwt.JwtTokenFilter@5a045ae6, org.springframework.security.web.savedrequest.RequestCacheAwareFilter@11de4239, org.springframework.security.web.servletapi.SecurityContextHolderAwareRequestFilter@4d219e0f, org.springframework.security.web.authentication.AnonymousAuthenticationFilter@58aae9d9, org.springframework.security.web.session.SessionManagementFilter@19ae19d5, org.springframework.security.web.access.ExceptionTranslationFilter@35e04731, org.springframework.security.web.access.intercept.FilterSecurityInterceptor@739efd1a]
2020-12-02 23:46:34,575 INFO org.apache.juli.logging.DirectJDKLog [restartedMain] Starting ProtocolHandler ["http-nio-8008"]
2020-12-02 23:46:34,590 INFO org.springframework.boot.web.embedded.tomcat.TomcatWebServer [restartedMain] Tomcat started on port(s): 8008 (http) with context path ''
2020-12-02 23:46:34,590 INFO springfox.documentation.spring.web.plugins.DocumentationPluginsBootstrapper [restartedMain] Context refreshed
2020-12-02 23:46:34,606 INFO springfox.documentation.spring.web.plugins.DocumentationPluginsBootstrapper [restartedMain] Found 1 custom documentation plugin(s)
2020-12-02 23:46:34,639 INFO springfox.documentation.spring.web.scanners.ApiListingReferenceScanner [restartedMain] Scanning for api listing references
2020-12-02 23:46:34,777 INFO springfox.documentation.spring.web.readers.operation.CachingOperationNameGenerator [restartedMain] Generating unique operation named: getAllProductsUsingGET_1
2020-12-02 23:46:34,793 INFO springfox.documentation.spring.web.readers.operation.CachingOperationNameGenerator [restartedMain] Generating unique operation named: getProductUsingGET_1
2020-12-02 23:46:34,840 INFO org.springframework.data.repository.config.DeferredRepositoryInitializationListener [restartedMain] Triggering deferred initialization of Spring Data repositories…
2020-12-02 23:46:34,997 INFO org.hibernate.engine.transaction.jta.platform.internal.JtaPlatformInitiator [task-1] HHH000490: Using JtaPlatform implementation: [org.hibernate.engine.transaction.jta.platform.internal.NoJtaPlatform]
2020-12-02 23:46:35,013 INFO org.springframework.orm.jpa.AbstractEntityManagerFactoryBean [task-1] Initialized JPA EntityManagerFactory for persistence unit 'default'
2020-12-02 23:46:35,207 INFO org.springframework.data.repository.config.DeferredRepositoryInitializationListener [restartedMain] Spring Data repositories initialized!
2020-12-02 23:46:35,223 INFO org.springframework.boot.StartupInfoLogger [restartedMain] Started AppApplication in 2.662 seconds (JVM running for 3.204)
2020-12-02 23:46:45,958 INFO org.apache.juli.logging.DirectJDKLog [http-nio-8008-exec-2] Initializing Spring DispatcherServlet 'dispatcherServlet'
2020-12-02 23:46:45,958 INFO org.springframework.web.servlet.FrameworkServlet [http-nio-8008-exec-2] Initializing Servlet 'dispatcherServlet'
2020-12-02 23:46:45,959 INFO org.springframework.web.servlet.FrameworkServlet [http-nio-8008-exec-2] Completed initialization in 1 ms
